c:\users\user\documents\github\yodel-guardian\sytool\tool\engine\system\include\debug\vc142.pdb
c:\users\user\documents\github\yodel-guardian\sytool\tool\engine\system\include\debug\vc142.idb
c:\users\user\documents\github\yodel-guardian\sytool\tool\engine\system\include\debug\timermgr.obj
c:\users\user\documents\github\yodel-guardian\sytool\tool\engine\system\include\debug\timer.obj
c:\users\user\documents\github\yodel-guardian\sytool\tool\engine\system\include\debug\keymgr.obj
c:\users\user\documents\github\yodel-guardian\sytool\tool\engine\system\include\debug\inputdev.obj
c:\users\user\documents\github\yodel-guardian\sytool\tool\engine\system\include\debug\graphicdev.obj
c:\users\user\documents\github\yodel-guardian\sytool\tool\engine\system\include\debug\framemgr.obj
c:\users\user\documents\github\yodel-guardian\sytool\tool\engine\system\include\debug\frame.obj
c:\users\user\documents\github\yodel-guardian\sytool\tool\engine\system\include\debug\fontmgr.obj
c:\users\user\documents\github\yodel-guardian\sytool\tool\engine\system\include\debug\font.obj
c:\users\user\documents\github\yodel-guardian\sytool\tool\engine\system\bin\system.ilk
c:\users\user\documents\github\yodel-guardian\sytool\tool\engine\system\bin\system.dll
c:\users\user\documents\github\yodel-guardian\sytool\tool\engine\system\bin\system.pdb
c:\users\user\documents\github\yodel-guardian\sytool\tool\engine\system\bin\system.lib
c:\users\user\documents\github\yodel-guardian\sytool\tool\engine\system\bin\system.exp
c:\users\user\documents\github\yodel-guardian\sytool\tool\engine\system\include\debug\system.tlog\cl.command.1.tlog
c:\users\user\documents\github\yodel-guardian\sytool\tool\engine\system\include\debug\system.tlog\cl.read.1.tlog
c:\users\user\documents\github\yodel-guardian\sytool\tool\engine\system\include\debug\system.tlog\cl.write.1.tlog
c:\users\user\documents\github\yodel-guardian\sytool\tool\engine\system\include\debug\system.tlog\link.command.1.tlog
c:\users\user\documents\github\yodel-guardian\sytool\tool\engine\system\include\debug\system.tlog\link.read.1.tlog
c:\users\user\documents\github\yodel-guardian\sytool\tool\engine\system\include\debug\system.tlog\link.write.1.tlog
c:\users\user\documents\github\yodel-guardian\sytool\tool\engine\system\include\debug\system.tlog\system.write.1u.tlog
