  Font.cpp
  FontMgr.cpp
  Frame.cpp
  FrameMgr.cpp
  GraphicDev.cpp
  InputDev.cpp
  KeyMgr.cpp
  Timer.cpp
  TimerMgr.cpp
  코드를 생성하고 있습니다...
     C:\Users\Huijun\Desktop\Tool\Engine\System\Bin\System.lib 라이브러리 및 C:\Users\Huijun\Desktop\Tool\Engine\System\Bin\System.exp 개체를 생성하고 있습니다.
  System.vcxproj -> C:\Users\Huijun\Desktop\Tool\Engine\System\Bin\System.dll
  .\Engine\System\Code\Font.h
  .\Engine\System\Code\FontMgr.h
  .\Engine\System\Code\Frame.h
  .\Engine\System\Code\FrameMgr.h
  .\Engine\System\Code\GraphicDev.h
  .\Engine\System\Code\InputDev.h
  .\Engine\System\Code\KeyMgr.h
  .\Engine\System\Code\Timer.h
  .\Engine\System\Code\TimerMgr.h
          9개 파일이 복사되었습니다.
  지정된 경로를 찾을 수 없습니다.
          0개 파일이 복사되었습니다.
          1개 파일이 복사되었습니다.
  .\Engine\Headers\Engine_Defines.h
  .\Engine\Headers\Engine_Enum.h
  .\Engine\Headers\Engine_Function.h
  .\Engine\Headers\Engine_Macro.h
  .\Engine\Headers\Engine_Struct.h
  .\Engine\Headers\Engine_Typedef.h
  .\Engine\Headers\Export_Function.h
  .\Engine\Headers\Export_Resources.h
  .\Engine\Headers\Export_System.h
  .\Engine\Headers\Export_Utility.h
         10개 파일이 복사되었습니다.
  .\Engine\Headers\Export_Resources.inl
  .\Engine\Headers\Export_System.inl
  .\Engine\Headers\Export_Utility.inl
          3개 파일이 복사되었습니다.
