c:\users\huijun\desktop\earthfall\engine\system\include\release\vc140.pdb
c:\users\huijun\desktop\earthfall\engine\system\include\release\timermgr.obj
c:\users\huijun\desktop\earthfall\engine\system\include\release\timer.obj
c:\users\huijun\desktop\earthfall\engine\system\include\release\keymgr.obj
c:\users\huijun\desktop\earthfall\engine\system\include\release\inputdev.obj
c:\users\huijun\desktop\earthfall\engine\system\include\release\graphicdev.obj
c:\users\huijun\desktop\earthfall\engine\system\include\release\framemgr.obj
c:\users\huijun\desktop\earthfall\engine\system\include\release\frame.obj
c:\users\huijun\desktop\earthfall\engine\system\include\release\fontmgr.obj
c:\users\huijun\desktop\earthfall\engine\system\include\release\font.obj
c:\users\huijun\desktop\earthfall\release\system.dll
c:\users\huijun\desktop\earthfall\release\system.pdb
c:\users\huijun\desktop\earthfall\release\system.lib
c:\users\huijun\desktop\earthfall\release\system.exp
c:\users\huijun\desktop\earthfall\engine\system\include\release\system.tlog\cl.command.1.tlog
c:\users\huijun\desktop\earthfall\engine\system\include\release\system.tlog\cl.read.1.tlog
c:\users\huijun\desktop\earthfall\engine\system\include\release\system.tlog\cl.write.1.tlog
c:\users\huijun\desktop\earthfall\engine\system\include\release\system.tlog\link.command.1.tlog
c:\users\huijun\desktop\earthfall\engine\system\include\release\system.tlog\link.read.1.tlog
c:\users\huijun\desktop\earthfall\engine\system\include\release\system.tlog\link.write.1.tlog
c:\users\huijun\desktop\earthfall\engine\system\include\release\system.tlog\system.write.1u.tlog
