C:\Program Files (x86)\Microsoft Visual Studio\2019\Community\MSBuild\Microsoft\VC\v160\Microsoft.CppBuild.targets(453,5): warning MSB8004: Output 디렉터리가 슬래시로 끝나지 않습니다. Output 디렉터리의 적절한 평가를 허용하는 데 필요하므로 이 빌드 인스턴스에서 슬래시를 추가합니다.
  CCameraTab.cpp
C:\Users\Huijun\Desktop\Exomas\yodel-guardian\SYTool\Tool\Tool\CCameraTab.cpp(27,20): warning C4018: '<': signed 또는 unsigned가 일치하지 않습니다.
C:\Users\Huijun\Desktop\Exomas\yodel-guardian\SYTool\Tool\Tool\CCameraTab.cpp(32,20): warning C4018: '<': signed 또는 unsigned가 일치하지 않습니다.
C:\Users\Huijun\Desktop\Exomas\yodel-guardian\SYTool\Tool\Tool\CCameraTab.cpp(72,20): warning C4018: '<': signed 또는 unsigned가 일치하지 않습니다.
C:\Users\Huijun\Desktop\Exomas\yodel-guardian\SYTool\Tool\Tool\CCameraTab.cpp(77,20): warning C4018: '<': signed 또는 unsigned가 일치하지 않습니다.
C:\Users\Huijun\Desktop\Exomas\yodel-guardian\SYTool\Tool\Tool\CCameraTab.cpp(89,20): warning C4018: '<': signed 또는 unsigned가 일치하지 않습니다.
C:\Users\Huijun\Desktop\Exomas\yodel-guardian\SYTool\Tool\Tool\CCameraTab.cpp(94,20): warning C4018: '<': signed 또는 unsigned가 일치하지 않습니다.
C:\Users\Huijun\Desktop\Exomas\yodel-guardian\SYTool\Tool\Tool\CCameraTab.cpp(249,21): warning C4018: '<': signed 또는 unsigned가 일치하지 않습니다.
C:\Users\Huijun\Desktop\Exomas\yodel-guardian\SYTool\Tool\Tool\CCameraTab.cpp(264,22): warning C4018: '<': signed 또는 unsigned가 일치하지 않습니다.
C:\Users\Huijun\Desktop\Exomas\yodel-guardian\SYTool\Tool\Tool\CCameraTab.cpp(274,22): warning C4018: '<': signed 또는 unsigned가 일치하지 않습니다.
  EffectTab.cpp
C:\Users\Huijun\Desktop\Exomas\yodel-guardian\SYTool\Tool\Tool\EffectTab.cpp(388,44): warning C4244: '=': 'float'에서 '_int'(으)로 변환하면서 데이터가 손실될 수 있습니다.
C:\Users\Huijun\Desktop\Exomas\yodel-guardian\SYTool\Tool\Tool\EffectTab.cpp(389,46): warning C4244: '=': 'float'에서 '_int'(으)로 변환하면서 데이터가 손실될 수 있습니다.
  EffectTab2.cpp
C:\Users\Huijun\Desktop\Exomas\yodel-guardian\SYTool\Tool\Tool\EffectTab2.cpp(101,42): warning C4244: '=': 'int'에서 'float'(으)로 변환하면서 데이터가 손실될 수 있습니다.
C:\Users\Huijun\Desktop\Exomas\yodel-guardian\SYTool\Tool\Tool\EffectTab2.cpp(102,41): warning C4244: '=': 'int'에서 'float'(으)로 변환하면서 데이터가 손실될 수 있습니다.
C:\Users\Huijun\Desktop\Exomas\yodel-guardian\SYTool\Tool\Tool\EffectTab2.cpp(190,42): warning C4244: '=': 'float'에서 'int'(으)로 변환하면서 데이터가 손실될 수 있습니다.
C:\Users\Huijun\Desktop\Exomas\yodel-guardian\SYTool\Tool\Tool\EffectTab2.cpp(191,43): warning C4244: '=': 'float'에서 'int'(으)로 변환하면서 데이터가 손실될 수 있습니다.
  MainFrm.cpp
  MapTab.cpp
C:\Users\Huijun\Desktop\Exomas\yodel-guardian\SYTool\Tool\Tool\MapTab.cpp(1139,24): warning C4018: '<': signed 또는 unsigned가 일치하지 않습니다.
C:\Users\Huijun\Desktop\Exomas\yodel-guardian\SYTool\Tool\Tool\MapTab.cpp(1145,43): warning C4244: '인수': 'const FLOAT'에서 'DWORD'(으)로 변환하면서 데이터가 손실될 수 있습니다.
  Myform.cpp
  NaviTab.cpp
  Tool.cpp
  ToolDoc.cpp
  ToolView.cpp
C:\Users\Huijun\Desktop\Exomas\yodel-guardian\SYTool\Tool\Tool\ToolView.cpp(271,6): warning C4002: 함수 같은 매크로 호출 'FAILED'에 대해 인수가 너무 많습니다.
C:\Users\Huijun\Desktop\Exomas\yodel-guardian\SYTool\Tool\Tool\ToolView.cpp(271,98): warning C4390: ';': 제어된 빈 문이 있습니다. 이 문이 필요합니까?
C:\Users\Huijun\Desktop\Exomas\yodel-guardian\SYTool\Tool\Tool\ToolView.cpp(276,6): warning C4002: 함수 같은 매크로 호출 'FAILED'에 대해 인수가 너무 많습니다.
C:\Users\Huijun\Desktop\Exomas\yodel-guardian\SYTool\Tool\Tool\ToolView.cpp(295,6): warning C4002: 함수 같은 매크로 호출 'FAILED'에 대해 인수가 너무 많습니다.
C:\Users\Huijun\Desktop\Exomas\yodel-guardian\SYTool\Tool\Tool\ToolView.cpp(297,6): warning C4002: 함수 같은 매크로 호출 'FAILED'에 대해 인수가 너무 많습니다.
C:\Users\Huijun\Desktop\Exomas\yodel-guardian\SYTool\Tool\Tool\ToolView.cpp(299,6): warning C4002: 함수 같은 매크로 호출 'FAILED'에 대해 인수가 너무 많습니다.
C:\Users\Huijun\Desktop\Exomas\yodel-guardian\SYTool\Tool\Tool\ToolView.cpp(301,6): warning C4002: 함수 같은 매크로 호출 'FAILED'에 대해 인수가 너무 많습니다.
C:\Users\Huijun\Desktop\Exomas\yodel-guardian\SYTool\Tool\Tool\ToolView.cpp(303,6): warning C4002: 함수 같은 매크로 호출 'FAILED'에 대해 인수가 너무 많습니다.
C:\Users\Huijun\Desktop\Exomas\yodel-guardian\SYTool\Tool\Tool\ToolView.cpp(305,6): warning C4002: 함수 같은 매크로 호출 'FAILED'에 대해 인수가 너무 많습니다.
C:\Users\Huijun\Desktop\Exomas\yodel-guardian\SYTool\Tool\Tool\ToolView.cpp(307,6): warning C4002: 함수 같은 매크로 호출 'FAILED'에 대해 인수가 너무 많습니다.
C:\Users\Huijun\Desktop\Exomas\yodel-guardian\SYTool\Tool\Tool\ToolView.cpp(309,6): warning C4002: 함수 같은 매크로 호출 'FAILED'에 대해 인수가 너무 많습니다.
C:\Users\Huijun\Desktop\Exomas\yodel-guardian\SYTool\Tool\Tool\ToolView.cpp(311,6): warning C4002: 함수 같은 매크로 호출 'FAILED'에 대해 인수가 너무 많습니다.
C:\Users\Huijun\Desktop\Exomas\yodel-guardian\SYTool\Tool\Tool\ToolView.cpp(313,6): warning C4002: 함수 같은 매크로 호출 'FAILED'에 대해 인수가 너무 많습니다.
C:\Users\Huijun\Desktop\Exomas\yodel-guardian\SYTool\Tool\Tool\ToolView.cpp(315,6): warning C4002: 함수 같은 매크로 호출 'FAILED'에 대해 인수가 너무 많습니다.
C:\Users\Huijun\Desktop\Exomas\yodel-guardian\SYTool\Tool\Tool\ToolView.cpp(317,6): warning C4002: 함수 같은 매크로 호출 'FAILED'에 대해 인수가 너무 많습니다.
C:\Users\Huijun\Desktop\Exomas\yodel-guardian\SYTool\Tool\Tool\ToolView.cpp(319,6): warning C4002: 함수 같은 매크로 호출 'FAILED'에 대해 인수가 너무 많습니다.
C:\Users\Huijun\Desktop\Exomas\yodel-guardian\SYTool\Tool\Tool\ToolView.cpp(321,6): warning C4002: 함수 같은 매크로 호출 'FAILED'에 대해 인수가 너무 많습니다.
C:\Users\Huijun\Desktop\Exomas\yodel-guardian\SYTool\Tool\Tool\ToolView.cpp(323,6): warning C4002: 함수 같은 매크로 호출 'FAILED'에 대해 인수가 너무 많습니다.
C:\Users\Huijun\Desktop\Exomas\yodel-guardian\SYTool\Tool\Tool\ToolView.cpp(325,6): warning C4002: 함수 같은 매크로 호출 'FAILED'에 대해 인수가 너무 많습니다.
C:\Users\Huijun\Desktop\Exomas\yodel-guardian\SYTool\Tool\Tool\ToolView.cpp(327,6): warning C4002: 함수 같은 매크로 호출 'FAILED'에 대해 인수가 너무 많습니다.
C:\Users\Huijun\Desktop\Exomas\yodel-guardian\SYTool\Tool\Tool\ToolView.cpp(329,6): warning C4002: 함수 같은 매크로 호출 'FAILED'에 대해 인수가 너무 많습니다.
C:\Users\Huijun\Desktop\Exomas\yodel-guardian\SYTool\Tool\Tool\ToolView.cpp(331,6): warning C4002: 함수 같은 매크로 호출 'FAILED'에 대해 인수가 너무 많습니다.
C:\Users\Huijun\Desktop\Exomas\yodel-guardian\SYTool\Tool\Tool\ToolView.cpp(333,6): warning C4002: 함수 같은 매크로 호출 'FAILED'에 대해 인수가 너무 많습니다.
C:\Users\Huijun\Desktop\Exomas\yodel-guardian\SYTool\Tool\Tool\ToolView.cpp(335,6): warning C4002: 함수 같은 매크로 호출 'FAILED'에 대해 인수가 너무 많습니다.
C:\Users\Huijun\Desktop\Exomas\yodel-guardian\SYTool\Tool\Tool\ToolView.cpp(337,6): warning C4002: 함수 같은 매크로 호출 'FAILED'에 대해 인수가 너무 많습니다.
C:\Users\Huijun\Desktop\Exomas\yodel-guardian\SYTool\Tool\Tool\ToolView.cpp(339,6): warning C4002: 함수 같은 매크로 호출 'FAILED'에 대해 인수가 너무 많습니다.
C:\Users\Huijun\Desktop\Exomas\yodel-guardian\SYTool\Tool\Tool\ToolView.cpp(341,6): warning C4002: 함수 같은 매크로 호출 'FAILED'에 대해 인수가 너무 많습니다.
C:\Users\Huijun\Desktop\Exomas\yodel-guardian\SYTool\Tool\Tool\ToolView.cpp(343,6): warning C4002: 함수 같은 매크로 호출 'FAILED'에 대해 인수가 너무 많습니다.
C:\Users\Huijun\Desktop\Exomas\yodel-guardian\SYTool\Tool\Tool\ToolView.cpp(345,6): warning C4002: 함수 같은 매크로 호출 'FAILED'에 대해 인수가 너무 많습니다.
C:\Users\Huijun\Desktop\Exomas\yodel-guardian\SYTool\Tool\Tool\ToolView.cpp(347,6): warning C4002: 함수 같은 매크로 호출 'FAILED'에 대해 인수가 너무 많습니다.
C:\Users\Huijun\Desktop\Exomas\yodel-guardian\SYTool\Tool\Tool\ToolView.cpp(349,6): warning C4002: 함수 같은 매크로 호출 'FAILED'에 대해 인수가 너무 많습니다.
C:\Users\Huijun\Desktop\Exomas\yodel-guardian\SYTool\Tool\Tool\ToolView.cpp(351,6): warning C4002: 함수 같은 매크로 호출 'FAILED'에 대해 인수가 너무 많습니다.
C:\Users\Huijun\Desktop\Exomas\yodel-guardian\SYTool\Tool\Tool\ToolView.cpp(353,6): warning C4002: 함수 같은 매크로 호출 'FAILED'에 대해 인수가 너무 많습니다.
C:\Users\Huijun\Desktop\Exomas\yodel-guardian\SYTool\Tool\Tool\ToolView.cpp(355,6): warning C4002: 함수 같은 매크로 호출 'FAILED'에 대해 인수가 너무 많습니다.
C:\Users\Huijun\Desktop\Exomas\yodel-guardian\SYTool\Tool\Tool\ToolView.cpp(357,6): warning C4002: 함수 같은 매크로 호출 'FAILED'에 대해 인수가 너무 많습니다.
C:\Users\Huijun\Desktop\Exomas\yodel-guardian\SYTool\Tool\Tool\ToolView.cpp(359,6): warning C4002: 함수 같은 매크로 호출 'FAILED'에 대해 인수가 너무 많습니다.
C:\Users\Huijun\Desktop\Exomas\yodel-guardian\SYTool\Tool\Tool\ToolView.cpp(361,6): warning C4002: 함수 같은 매크로 호출 'FAILED'에 대해 인수가 너무 많습니다.
C:\Users\Huijun\Desktop\Exomas\yodel-guardian\SYTool\Tool\Tool\ToolView.cpp(363,6): warning C4002: 함수 같은 매크로 호출 'FAILED'에 대해 인수가 너무 많습니다.
C:\Users\Huijun\Desktop\Exomas\yodel-guardian\SYTool\Tool\Tool\ToolView.cpp(365,6): warning C4002: 함수 같은 매크로 호출 'FAILED'에 대해 인수가 너무 많습니다.
C:\Users\Huijun\Desktop\Exomas\yodel-guardian\SYTool\Tool\Tool\ToolView.cpp(368,6): warning C4002: 함수 같은 매크로 호출 'FAILED'에 대해 인수가 너무 많습니다.
C:\Users\Huijun\Desktop\Exomas\yodel-guardian\SYTool\Tool\Tool\ToolView.cpp(276,66): warning C4390: ';': 제어된 빈 문이 있습니다. 이 문이 필요합니까?
  코드를 생성하고 있습니다...
  Tool.vcxproj -> C:\Users\Huijun\Desktop\Exomas\yodel-guardian\SYTool\Tool\Tool\./Bin\Tool.exe
