c:\users\user\documents\github\yodel-guardian\sytool\tool\tool\debug\vc142.pdb
c:\users\user\documents\github\yodel-guardian\sytool\tool\tool\debug\vc142.idb
c:\users\user\documents\github\yodel-guardian\sytool\tool\tool\debug\toolview.obj
c:\users\user\documents\github\yodel-guardian\sytool\tool\tool\debug\tooldoc.obj
c:\users\user\documents\github\yodel-guardian\sytool\tool\tool\debug\tool.obj
c:\users\user\documents\github\yodel-guardian\sytool\tool\tool\debug\mainfrm.obj
c:\users\user\documents\github\yodel-guardian\sytool\tool\tool\debug\myform.obj
c:\users\user\documents\github\yodel-guardian\sytool\tool\debug\tool.exe
c:\users\user\documents\github\yodel-guardian\sytool\tool\debug\tool.ilk
c:\users\user\documents\github\yodel-guardian\sytool\tool\debug\tool.pdb
c:\users\user\documents\github\yodel-guardian\sytool\tool\tool\debug\tool.res
c:\users\user\documents\github\yodel-guardian\sytool\tool\debug\tool.lib
c:\users\user\documents\github\yodel-guardian\sytool\tool\debug\tool.exp
c:\users\user\documents\github\yodel-guardian\sytool\tool\tool\debug\tool.tlog\cl.command.1.tlog
c:\users\user\documents\github\yodel-guardian\sytool\tool\tool\debug\tool.tlog\cl.read.1.tlog
c:\users\user\documents\github\yodel-guardian\sytool\tool\tool\debug\tool.tlog\cl.write.1.tlog
c:\users\user\documents\github\yodel-guardian\sytool\tool\tool\debug\tool.tlog\link.command.1.tlog
c:\users\user\documents\github\yodel-guardian\sytool\tool\tool\debug\tool.tlog\link.read.1.tlog
c:\users\user\documents\github\yodel-guardian\sytool\tool\tool\debug\tool.tlog\link.write.1.tlog
c:\users\user\documents\github\yodel-guardian\sytool\tool\tool\debug\tool.tlog\rc.command.1.tlog
c:\users\user\documents\github\yodel-guardian\sytool\tool\tool\debug\tool.tlog\rc.read.1.tlog
c:\users\user\documents\github\yodel-guardian\sytool\tool\tool\debug\tool.tlog\rc.write.1.tlog
c:\users\user\documents\github\yodel-guardian\sytool\tool\tool\debug\tool.tlog\tool.write.1u.tlog
