c:\users\huijun\desktop\earthfall\engine\utility\include\x64\debug\vc140.pdb
c:\users\huijun\desktop\earthfall\engine\utility\include\x64\debug\vc140.idb
c:\users\huijun\desktop\earthfall\engine\utility\include\x64\debug\camera.obj
c:\users\huijun\desktop\earthfall\engine\utility\include\x64\debug\component.obj
c:\users\huijun\desktop\earthfall\engine\utility\include\x64\debug\cscollider.obj
c:\users\huijun\desktop\earthfall\engine\utility\include\x64\debug\gameobject.obj
c:\users\huijun\desktop\earthfall\engine\utility\include\x64\debug\layer.obj
c:\users\huijun\desktop\earthfall\engine\utility\include\x64\debug\light.obj
c:\users\huijun\desktop\earthfall\engine\utility\include\x64\debug\scene.obj
c:\users\huijun\desktop\earthfall\engine\utility\include\x64\debug\shader.obj
c:\users\huijun\desktop\earthfall\engine\utility\include\x64\debug\transform.obj
c:\users\user\documents\github\yodel-guardian\sytool\tool\engine\utility\include\x64\debug\vc142.pdb
c:\users\user\documents\github\yodel-guardian\sytool\tool\engine\utility\include\x64\debug\vc142.idb
c:\users\user\documents\github\yodel-guardian\sytool\tool\engine\utility\include\x64\debug\shader.obj
c:\users\user\documents\github\yodel-guardian\sytool\tool\engine\utility\include\x64\debug\scene.obj
c:\users\user\documents\github\yodel-guardian\sytool\tool\engine\utility\include\x64\debug\quadtree.obj
c:\users\user\documents\github\yodel-guardian\sytool\tool\engine\utility\include\x64\debug\optimization.obj
c:\users\user\documents\github\yodel-guardian\sytool\tool\engine\utility\include\x64\debug\layer.obj
c:\users\user\documents\github\yodel-guardian\sytool\tool\engine\utility\include\x64\debug\gameobject.obj
c:\users\user\documents\github\yodel-guardian\sytool\tool\engine\utility\include\x64\debug\frustum.obj
c:\users\user\documents\github\yodel-guardian\sytool\tool\engine\utility\include\x64\debug\cscollider.obj
c:\users\user\documents\github\yodel-guardian\sytool\tool\engine\utility\include\x64\debug\component.obj
c:\users\user\documents\github\yodel-guardian\sytool\tool\engine\utility\include\x64\debug\camera.obj
c:\users\user\documents\github\yodel-guardian\sytool\tool\engine\utility\include\x64\debug\boxcollider.obj
c:\users\user\documents\github\yodel-guardian\sytool\tool\engine\utility\include\x64\debug\transform.obj
c:\users\user\documents\github\yodel-guardian\sytool\tool\engine\utility\include\x64\debug\trailcolor.obj
c:\users\user\documents\github\yodel-guardian\sytool\tool\engine\utility\include\x64\debug\toolcollider.obj
c:\users\user\documents\github\yodel-guardian\sytool\tool\engine\utility\include\x64\debug\spherecollider.obj
c:\users\user\documents\github\yodel-guardian\sytool\tool\engine\utility\include\x64\debug\light.obj
c:\users\user\documents\github\yodel-guardian\sytool\tool\engine\utility\include\x64\debug\vc140.idb
c:\users\user\documents\github\yodel-guardian\sytool\tool\engine\utility\include\x64\debug\vc140.pdb
c:\users\user\documents\github\yodel-guardian\sytool\tool\engine\utility\include\../bin\utility.dll
c:\users\user\documents\github\yodel-guardian\sytool\tool\engine\utility\include\x64\debug\utility.tlog\cl.command.1.tlog
c:\users\user\documents\github\yodel-guardian\sytool\tool\engine\utility\include\x64\debug\utility.tlog\cl.read.1.tlog
c:\users\user\documents\github\yodel-guardian\sytool\tool\engine\utility\include\x64\debug\utility.tlog\cl.write.1.tlog
