  Transform.cpp
c:\users\huijun\desktop\earthfall\engine\utility\code\transform.cpp(6): warning C4273: 'Engine::CTransform::CTransform': dll 링크가 일치하지 않습니다.
  c:\users\huijun\desktop\earthfall\engine\utility\code\transform.h(11): note: '{ctor}'의 이전 정의를 참조하십시오.
c:\users\huijun\desktop\earthfall\engine\utility\code\transform.cpp(13): warning C4273: 'Engine::CTransform::~CTransform': dll 링크가 일치하지 않습니다.
  c:\users\huijun\desktop\earthfall\engine\utility\code\transform.h(12): note: '{dtor}'의 이전 정의를 참조하십시오.
c:\users\huijun\desktop\earthfall\engine\utility\code\transform.cpp(18): warning C4273: 'Engine::CTransform::Chase_Target': dll 링크가 일치하지 않습니다.
  c:\users\huijun\desktop\earthfall\engine\utility\code\transform.h(50): note: 'Chase_Target'의 이전 정의를 참조하십시오.
c:\users\huijun\desktop\earthfall\engine\utility\code\transform.cpp(34): warning C4273: 'Engine::CTransform::Compute_LookAtTarget': dll 링크가 일치하지 않습니다.
  c:\users\huijun\desktop\earthfall\engine\utility\code\transform.h(51): note: 'Compute_LookAtTarget'의 이전 정의를 참조하십시오.
c:\users\huijun\desktop\earthfall\engine\utility\code\transform.cpp(50): warning C4273: 'Engine::CTransform::Move_TargetPos': dll 링크가 일치하지 않습니다.
  c:\users\huijun\desktop\earthfall\engine\utility\code\transform.h(58): note: 'Move_TargetPos'의 이전 정의를 참조하십시오.
c:\users\huijun\desktop\earthfall\engine\utility\code\transform.cpp(56): warning C4273: 'Engine::CTransform::Ready_Transform': dll 링크가 일치하지 않습니다.
  c:\users\huijun\desktop\earthfall\engine\utility\code\transform.h(74): note: 'Ready_Transform'의 이전 정의를 참조하십시오.
c:\users\huijun\desktop\earthfall\engine\utility\code\transform.cpp(67): warning C4273: 'Engine::CTransform::Create': dll 링크가 일치하지 않습니다.
  c:\users\huijun\desktop\earthfall\engine\utility\code\transform.h(84): note: 'Create'의 이전 정의를 참조하십시오.
c:\users\huijun\desktop\earthfall\engine\utility\code\transform.cpp(78): warning C4273: 'Engine::CTransform::Update_Component': dll 링크가 일치하지 않습니다.
  c:\users\huijun\desktop\earthfall\engine\utility\code\transform.h(75): note: 'Update_Component'의 이전 정의를 참조하십시오.
c:\users\huijun\desktop\earthfall\engine\utility\code\transform.cpp(120): warning C4273: 'Engine::CTransform::Free': dll 링크가 일치하지 않습니다.
  c:\users\huijun\desktop\earthfall\engine\utility\code\transform.h(87): note: 'Free'의 이전 정의를 참조하십시오.
  Shader.cpp
c:\users\huijun\desktop\earthfall\engine\utility\code\shader.cpp(6): warning C4273: 'Engine::CShader::CShader': dll 링크가 일치하지 않습니다.
  c:\users\huijun\desktop\earthfall\engine\utility\code\shader.h(12): note: '{ctor}'의 이전 정의를 참조하십시오.
c:\users\huijun\desktop\earthfall\engine\utility\code\shader.cpp(14): warning C4273: 'Engine::CShader::CShader': dll 링크가 일치하지 않습니다.
  c:\users\huijun\desktop\earthfall\engine\utility\code\shader.h(13): note: '{ctor}'의 이전 정의를 참조하십시오.
c:\users\huijun\desktop\earthfall\engine\utility\code\shader.cpp(23): warning C4273: 'Engine::CShader::~CShader': dll 링크가 일치하지 않습니다.
  c:\users\huijun\desktop\earthfall\engine\utility\code\shader.h(14): note: '{dtor}'의 이전 정의를 참조하십시오.
c:\users\huijun\desktop\earthfall\engine\utility\code\shader.cpp(28): warning C4273: 'Engine::CShader::Ready_Shader': dll 링크가 일치하지 않습니다.
  c:\users\huijun\desktop\earthfall\engine\utility\code\shader.h(20): note: 'Ready_Shader'의 이전 정의를 참조하십시오.
c:\users\huijun\desktop\earthfall\engine\utility\code\shader.cpp(58): warning C4273: 'Engine::CShader::Create': dll 링크가 일치하지 않습니다.
  c:\users\huijun\desktop\earthfall\engine\utility\code\shader.h(28): note: 'Create'의 이전 정의를 참조하십시오.
c:\users\huijun\desktop\earthfall\engine\utility\code\shader.cpp(68): warning C4273: 'Engine::CShader::Clone': dll 링크가 일치하지 않습니다.
  c:\users\huijun\desktop\earthfall\engine\utility\code\shader.h(29): note: 'Clone'의 이전 정의를 참조하십시오.
c:\users\huijun\desktop\earthfall\engine\utility\code\shader.cpp(73): warning C4273: 'Engine::CShader::Free': dll 링크가 일치하지 않습니다.
  c:\users\huijun\desktop\earthfall\engine\utility\code\shader.h(30): note: 'Free'의 이전 정의를 참조하십시오.
  Scene.cpp
c:\users\huijun\desktop\earthfall\engine\utility\code\scene.cpp(6): warning C4273: 'Engine::CScene::CScene': dll 링크가 일치하지 않습니다.
  c:\users\huijun\desktop\earthfall\engine\utility\code\scene.h(13): note: '{ctor}'의 이전 정의를 참조하십시오.
c:\users\huijun\desktop\earthfall\engine\utility\code\scene.cpp(12): warning C4273: 'Engine::CScene::~CScene': dll 링크가 일치하지 않습니다.
  c:\users\huijun\desktop\earthfall\engine\utility\code\scene.h(14): note: '{dtor}'의 이전 정의를 참조하십시오.
c:\users\huijun\desktop\earthfall\engine\utility\code\scene.cpp(17): warning C4273: 'Engine::CScene::Ready_Scene': dll 링크가 일치하지 않습니다.
  c:\users\huijun\desktop\earthfall\engine\utility\code\scene.h(23): note: 'Ready_Scene'의 이전 정의를 참조하십시오.
c:\users\huijun\desktop\earthfall\engine\utility\code\scene.cpp(22): warning C4273: 'Engine::CScene::Update_Scene': dll 링크가 일치하지 않습니다.
  c:\users\huijun\desktop\earthfall\engine\utility\code\scene.h(24): note: 'Update_Scene'의 이전 정의를 참조하십시오.
c:\users\huijun\desktop\earthfall\engine\utility\code\scene.cpp(37): warning C4273: 'Engine::CScene::Render_Scene': dll 링크가 일치하지 않습니다.
  c:\users\huijun\desktop\earthfall\engine\utility\code\scene.h(25): note: 'Render_Scene'의 이전 정의를 참조하십시오.
c:\users\huijun\desktop\earthfall\engine\utility\code\scene.cpp(43): warning C4273: 'Engine::CScene::Free': dll 링크가 일치하지 않습니다.
  c:\users\huijun\desktop\earthfall\engine\utility\code\scene.h(32): note: 'Free'의 이전 정의를 참조하십시오.
c:\users\huijun\desktop\earthfall\engine\utility\code\scene.cpp(54): warning C4273: 'Engine::CScene::Get_Component': dll 링크가 일치하지 않습니다.
  c:\users\huijun\desktop\earthfall\engine\utility\code\scene.h(17): note: 'Get_Component'의 이전 정의를 참조하십시오.
  Renderer.cpp
c:\users\huijun\desktop\earthfall\engine\utility\code\renderer.cpp(4): warning C4273: 'm_pInstance': dll 링크가 일치하지 않습니다.
  c:\users\huijun\desktop\earthfall\engine\utility\code\renderer.h(13): note: 'private: static Engine::CRenderer * Engine::CRenderer::m_pInstance'의 이전 정의를 참조하십시오.
c:\users\huijun\desktop\earthfall\engine\utility\code\renderer.cpp(4): error C2491: 'Engine::CRenderer::m_pInstance': dllimport 정적 데이터 멤버을(를) 정의할 수 없습니다.
c:\users\huijun\desktop\earthfall\engine\utility\code\renderer.cpp(4): warning C4273: 'Engine::CRenderer::GetInstance': dll 링크가 일치하지 않습니다.
  c:\users\huijun\desktop\earthfall\engine\utility\code\renderer.h(13): note: 'GetInstance'의 이전 정의를 참조하십시오.
c:\users\huijun\desktop\earthfall\engine\utility\code\renderer.cpp(4): warning C4273: 'Engine::CRenderer::DestroyInstance': dll 링크가 일치하지 않습니다.
  c:\users\huijun\desktop\earthfall\engine\utility\code\renderer.h(13): note: 'DestroyInstance'의 이전 정의를 참조하십시오.
c:\users\huijun\desktop\earthfall\engine\utility\code\renderer.cpp(7): warning C4273: 'Engine::CRenderer::CRenderer': dll 링크가 일치하지 않습니다.
  c:\users\huijun\desktop\earthfall\engine\utility\code\renderer.h(16): note: '{ctor}'의 이전 정의를 참조하십시오.
c:\users\huijun\desktop\earthfall\engine\utility\code\renderer.cpp(12): warning C4273: 'Engine::CRenderer::~CRenderer': dll 링크가 일치하지 않습니다.
  c:\users\huijun\desktop\earthfall\engine\utility\code\renderer.h(17): note: '{dtor}'의 이전 정의를 참조하십시오.
c:\users\huijun\desktop\earthfall\engine\utility\code\renderer.cpp(17): warning C4273: 'Engine::CRenderer::AddGroup': dll 링크가 일치하지 않습니다.
  c:\users\huijun\desktop\earthfall\engine\utility\code\renderer.h(20): note: 'AddGroup'의 이전 정의를 참조하십시오.
c:\users\huijun\desktop\earthfall\engine\utility\code\renderer.cpp(27): warning C4273: 'Engine::CRenderer::Render_GameObject': dll 링크가 일치하지 않습니다.
  c:\users\huijun\desktop\earthfall\engine\utility\code\renderer.h(21): note: 'Render_GameObject'의 이전 정의를 참조하십시오.
c:\users\huijun\desktop\earthfall\engine\utility\code\renderer.cpp(49): warning C4273: 'Engine::CRenderer::Clear_RenderGroup': dll 링크가 일치하지 않습니다.
  c:\users\huijun\desktop\earthfall\engine\utility\code\renderer.h(22): note: 'Clear_RenderGroup'의 이전 정의를 참조하십시오.
c:\users\huijun\desktop\earthfall\engine\utility\code\renderer.cpp(58): warning C4273: 'Engine::CRenderer::Render_Priority': dll 링크가 일치하지 않습니다.
  c:\users\huijun\desktop\earthfall\engine\utility\code\renderer.h(25): note: 'Render_Priority'의 이전 정의를 참조하십시오.
c:\users\huijun\desktop\earthfall\engine\utility\code\renderer.cpp(70): warning C4273: 'Engine::CRenderer::Render_NonAlpha': dll 링크가 일치하지 않습니다.
  c:\users\huijun\desktop\earthfall\engine\utility\code\renderer.h(26): note: 'Render_NonAlpha'의 이전 정의를 참조하십시오.
c:\users\huijun\desktop\earthfall\engine\utility\code\renderer.cpp(82): warning C4273: 'Engine::CRenderer::Render_Alpha': dll 링크가 일치하지 않습니다.
  c:\users\huijun\desktop\earthfall\engine\utility\code\renderer.h(27): note: 'Render_Alpha'의 이전 정의를 참조하십시오.
c:\users\huijun\desktop\earthfall\engine\utility\code\renderer.cpp(98): warning C4273: 'Engine::CRenderer::Render_UI': dll 링크가 일치하지 않습니다.
  c:\users\huijun\desktop\earthfall\engine\utility\code\renderer.h(28): note: 'Render_UI'의 이전 정의를 참조하십시오.
c:\users\huijun\desktop\earthfall\engine\utility\code\renderer.cpp(117): warning C4273: 'Engine::CRenderer::Free': dll 링크가 일치하지 않습니다.
  c:\users\huijun\desktop\earthfall\engine\utility\code\renderer.h(34): note: 'Free'의 이전 정의를 참조하십시오.
  ProtoMgr.cpp
c:\users\huijun\desktop\earthfall\engine\utility\code\protomgr.cpp(4): warning C4273: 'm_pInstance': dll 링크가 일치하지 않습니다.
  c:\users\huijun\desktop\earthfall\engine\utility\code\protomgr.h(12): note: 'private: static Engine::CProtoMgr * Engine::CProtoMgr::m_pInstance'의 이전 정의를 참조하십시오.
c:\users\huijun\desktop\earthfall\engine\utility\code\protomgr.cpp(4): error C2491: 'Engine::CProtoMgr::m_pInstance': dllimport 정적 데이터 멤버을(를) 정의할 수 없습니다.
c:\users\huijun\desktop\earthfall\engine\utility\code\protomgr.cpp(4): warning C4273: 'Engine::CProtoMgr::GetInstance': dll 링크가 일치하지 않습니다.
  c:\users\huijun\desktop\earthfall\engine\utility\code\protomgr.h(12): note: 'GetInstance'의 이전 정의를 참조하십시오.
c:\users\huijun\desktop\earthfall\engine\utility\code\protomgr.cpp(4): warning C4273: 'Engine::CProtoMgr::DestroyInstance': dll 링크가 일치하지 않습니다.
  c:\users\huijun\desktop\earthfall\engine\utility\code\protomgr.h(12): note: 'DestroyInstance'의 이전 정의를 참조하십시오.
c:\users\huijun\desktop\earthfall\engine\utility\code\protomgr.cpp(7): warning C4273: 'Engine::CProtoMgr::CProtoMgr': dll 링크가 일치하지 않습니다.
  c:\users\huijun\desktop\earthfall\engine\utility\code\protomgr.h(15): note: '{ctor}'의 이전 정의를 참조하십시오.
c:\users\huijun\desktop\earthfall\engine\utility\code\protomgr.cpp(12): warning C4273: 'Engine::CProtoMgr::~CProtoMgr': dll 링크가 일치하지 않습니다.
  c:\users\huijun\desktop\earthfall\engine\utility\code\protomgr.h(16): note: '{dtor}'의 이전 정의를 참조하십시오.
c:\users\huijun\desktop\earthfall\engine\utility\code\protomgr.cpp(17): warning C4273: 'Engine::CProtoMgr::Ready_Prototype': dll 링크가 일치하지 않습니다.
  c:\users\huijun\desktop\earthfall\engine\utility\code\protomgr.h(19): note: 'Ready_Prototype'의 이전 정의를 참조하십시오.
c:\users\huijun\desktop\earthfall\engine\utility\code\protomgr.cpp(29): warning C4273: 'Engine::CProtoMgr::Clone_Prototype': dll 링크가 일치하지 않습니다.
  c:\users\huijun\desktop\earthfall\engine\utility\code\protomgr.h(20): note: 'Clone_Prototype'의 이전 정의를 참조하십시오.
c:\users\huijun\desktop\earthfall\engine\utility\code\protomgr.cpp(39): warning C4273: 'Engine::CProtoMgr::Find_Prototype': dll 링크가 일치하지 않습니다.
  c:\users\huijun\desktop\earthfall\engine\utility\code\protomgr.h(26): note: 'Find_Prototype'의 이전 정의를 참조하십시오.
c:\users\huijun\desktop\earthfall\engine\utility\code\protomgr.cpp(49): warning C4273: 'Engine::CProtoMgr::Free': dll 링크가 일치하지 않습니다.
  c:\users\huijun\desktop\earthfall\engine\utility\code\protomgr.h(28): note: 'Free'의 이전 정의를 참조하십시오.
  Management.cpp
c:\users\huijun\desktop\earthfall\engine\utility\code\management.cpp(7): warning C4273: 'm_pInstance': dll 링크가 일치하지 않습니다.
  c:\users\huijun\desktop\earthfall\engine\utility\code\management.h(14): note: 'private: static Engine::CManagement * Engine::CManagement::m_pInstance'의 이전 정의를 참조하십시오.
c:\users\huijun\desktop\earthfall\engine\utility\code\management.cpp(7): error C2491: 'Engine::CManagement::m_pInstance': dllimport 정적 데이터 멤버을(를) 정의할 수 없습니다.
c:\users\huijun\desktop\earthfall\engine\utility\code\management.cpp(7): warning C4273: 'Engine::CManagement::GetInstance': dll 링크가 일치하지 않습니다.
  c:\users\huijun\desktop\earthfall\engine\utility\code\management.h(14): note: 'GetInstance'의 이전 정의를 참조하십시오.
c:\users\huijun\desktop\earthfall\engine\utility\code\management.cpp(7): warning C4273: 'Engine::CManagement::DestroyInstance': dll 링크가 일치하지 않습니다.
  c:\users\huijun\desktop\earthfall\engine\utility\code\management.h(14): note: 'DestroyInstance'의 이전 정의를 참조하십시오.
c:\users\huijun\desktop\earthfall\engine\utility\code\management.cpp(10): warning C4273: 'Engine::CManagement::CManagement': dll 링크가 일치하지 않습니다.
  c:\users\huijun\desktop\earthfall\engine\utility\code\management.h(17): note: '{ctor}'의 이전 정의를 참조하십시오.
c:\users\huijun\desktop\earthfall\engine\utility\code\management.cpp(16): warning C4273: 'Engine::CManagement::~CManagement': dll 링크가 일치하지 않습니다.
  c:\users\huijun\desktop\earthfall\engine\utility\code\management.h(18): note: '{dtor}'의 이전 정의를 참조하십시오.
c:\users\huijun\desktop\earthfall\engine\utility\code\management.cpp(21): warning C4273: 'Engine::CManagement::Set_Scene': dll 링크가 일치하지 않습니다.
  c:\users\huijun\desktop\earthfall\engine\utility\code\management.h(27): note: 'Set_Scene'의 이전 정의를 참조하십시오.
c:\users\huijun\desktop\earthfall\engine\utility\code\management.cpp(32): warning C4273: 'Engine::CManagement::Update_Scene': dll 링크가 일치하지 않습니다.
  c:\users\huijun\desktop\earthfall\engine\utility\code\management.h(29): note: 'Update_Scene'의 이전 정의를 참조하십시오.
c:\users\huijun\desktop\earthfall\engine\utility\code\management.cpp(42): warning C4273: 'Engine::CManagement::Render_Scene': dll 링크가 일치하지 않습니다.
  c:\users\huijun\desktop\earthfall\engine\utility\code\management.h(30): note: 'Render_Scene'의 이전 정의를 참조하십시오.
c:\users\huijun\desktop\earthfall\engine\utility\code\management.cpp(54): warning C4273: 'Engine::CManagement::Free': dll 링크가 일치하지 않습니다.
  c:\users\huijun\desktop\earthfall\engine\utility\code\management.h(36): note: 'Free'의 이전 정의를 참조하십시오.
c:\users\huijun\desktop\earthfall\engine\utility\code\management.cpp(62): warning C4273: 'Engine::CManagement::Get_Component': dll 링크가 일치하지 않습니다.
  c:\users\huijun\desktop\earthfall\engine\utility\code\management.h(21): note: 'Get_Component'의 이전 정의를 참조하십시오.
c:\users\huijun\desktop\earthfall\engine\utility\code\management.cpp(70): warning C4273: 'Engine::CManagement::Ready_Management': dll 링크가 일치하지 않습니다.
  c:\users\huijun\desktop\earthfall\engine\utility\code\management.h(28): note: 'Ready_Management'의 이전 정의를 참조하십시오.
c:\users\huijun\desktop\earthfall\engine\utility\code\management.cpp(74): error C4235: 비표준 확장이 사용됨: 이 아키텍처에서는 '__asm' 키워드를 사용할 수 없습니다.
c:\users\huijun\desktop\earthfall\engine\utility\code\management.cpp(74): warning C4091: '': 변수를 선언하지 않으면 'int' 왼쪽은 무시됩니다.
c:\users\huijun\desktop\earthfall\engine\utility\code\management.cpp(74): error C2143: 구문 오류: ';'이(가) '상수' 앞에 없습니다.
c:\users\huijun\desktop\earthfall\engine\utility\code\management.cpp(74): error C2143: 구문 오류: ';'이(가) '}' 앞에 없습니다.
c:\users\huijun\desktop\earthfall\engine\utility\code\management.cpp(75): error C4235: 비표준 확장이 사용됨: 이 아키텍처에서는 '__asm' 키워드를 사용할 수 없습니다.
c:\users\huijun\desktop\earthfall\engine\utility\code\management.cpp(75): warning C4091: '': 변수를 선언하지 않으면 'int' 왼쪽은 무시됩니다.
c:\users\huijun\desktop\earthfall\engine\utility\code\management.cpp(75): error C2143: 구문 오류: ';'이(가) '상수' 앞에 없습니다.
c:\users\huijun\desktop\earthfall\engine\utility\code\management.cpp(75): error C2143: 구문 오류: ';'이(가) '}' 앞에 없습니다.
c:\users\huijun\desktop\earthfall\engine\utility\code\management.cpp(78): error C4235: 비표준 확장이 사용됨: 이 아키텍처에서는 '__asm' 키워드를 사용할 수 없습니다.
c:\users\huijun\desktop\earthfall\engine\utility\code\management.cpp(78): warning C4091: '': 변수를 선언하지 않으면 'int' 왼쪽은 무시됩니다.
c:\users\huijun\desktop\earthfall\engine\utility\code\management.cpp(78): error C2143: 구문 오류: ';'이(가) '상수' 앞에 없습니다.
c:\users\huijun\desktop\earthfall\engine\utility\code\management.cpp(78): error C2143: 구문 오류: ';'이(가) '}' 앞에 없습니다.
c:\users\huijun\desktop\earthfall\engine\utility\code\management.cpp(79): error C4235: 비표준 확장이 사용됨: 이 아키텍처에서는 '__asm' 키워드를 사용할 수 없습니다.
c:\users\huijun\desktop\earthfall\engine\utility\code\management.cpp(79): warning C4091: '': 변수를 선언하지 않으면 'int' 왼쪽은 무시됩니다.
c:\users\huijun\desktop\earthfall\engine\utility\code\management.cpp(79): error C2143: 구문 오류: ';'이(가) '상수' 앞에 없습니다.
c:\users\huijun\desktop\earthfall\engine\utility\code\management.cpp(79): error C2143: 구문 오류: ';'이(가) '}' 앞에 없습니다.
c:\users\huijun\desktop\earthfall\engine\utility\code\management.cpp(82): error C4235: 비표준 확장이 사용됨: 이 아키텍처에서는 '__asm' 키워드를 사용할 수 없습니다.
c:\users\huijun\desktop\earthfall\engine\utility\code\management.cpp(82): warning C4091: '': 변수를 선언하지 않으면 'int' 왼쪽은 무시됩니다.
c:\users\huijun\desktop\earthfall\engine\utility\code\management.cpp(82): error C2143: 구문 오류: ';'이(가) '상수' 앞에 없습니다.
c:\users\huijun\desktop\earthfall\engine\utility\code\management.cpp(82): error C2143: 구문 오류: ';'이(가) '}' 앞에 없습니다.
c:\users\huijun\desktop\earthfall\engine\utility\code\management.cpp(83): error C4235: 비표준 확장이 사용됨: 이 아키텍처에서는 '__asm' 키워드를 사용할 수 없습니다.
c:\users\huijun\desktop\earthfall\engine\utility\code\management.cpp(83): warning C4091: '': 변수를 선언하지 않으면 'int' 왼쪽은 무시됩니다.
c:\users\huijun\desktop\earthfall\engine\utility\code\management.cpp(83): error C2143: 구문 오류: ';'이(가) '상수' 앞에 없습니다.
c:\users\huijun\desktop\earthfall\engine\utility\code\management.cpp(83): error C2143: 구문 오류: ';'이(가) '}' 앞에 없습니다.
  LightMgr.cpp
c:\users\huijun\desktop\earthfall\engine\utility\code\lightmgr.cpp(4): warning C4273: 'm_pInstance': dll 링크가 일치하지 않습니다.
  c:\users\huijun\desktop\earthfall\engine\utility\code\lightmgr.h(13): note: 'private: static Engine::CLightMgr * Engine::CLightMgr::m_pInstance'의 이전 정의를 참조하십시오.
c:\users\huijun\desktop\earthfall\engine\utility\code\lightmgr.cpp(4): error C2491: 'Engine::CLightMgr::m_pInstance': dllimport 정적 데이터 멤버을(를) 정의할 수 없습니다.
c:\users\huijun\desktop\earthfall\engine\utility\code\lightmgr.cpp(4): warning C4273: 'Engine::CLightMgr::GetInstance': dll 링크가 일치하지 않습니다.
  c:\users\huijun\desktop\earthfall\engine\utility\code\lightmgr.h(13): note: 'GetInstance'의 이전 정의를 참조하십시오.
c:\users\huijun\desktop\earthfall\engine\utility\code\lightmgr.cpp(4): warning C4273: 'Engine::CLightMgr::DestroyInstance': dll 링크가 일치하지 않습니다.
  c:\users\huijun\desktop\earthfall\engine\utility\code\lightmgr.h(13): note: 'DestroyInstance'의 이전 정의를 참조하십시오.
c:\users\huijun\desktop\earthfall\engine\utility\code\lightmgr.cpp(7): warning C4273: 'Engine::CLightMgr::CLightMgr': dll 링크가 일치하지 않습니다.
  c:\users\huijun\desktop\earthfall\engine\utility\code\lightmgr.h(16): note: '{ctor}'의 이전 정의를 참조하십시오.
c:\users\huijun\desktop\earthfall\engine\utility\code\lightmgr.cpp(12): warning C4273: 'Engine::CLightMgr::~CLightMgr': dll 링크가 일치하지 않습니다.
  c:\users\huijun\desktop\earthfall\engine\utility\code\lightmgr.h(17): note: '{dtor}'의 이전 정의를 참조하십시오.
c:\users\huijun\desktop\earthfall\engine\utility\code\lightmgr.cpp(17): warning C4273: 'Engine::CLightMgr::Free': dll 링크가 일치하지 않습니다.
  c:\users\huijun\desktop\earthfall\engine\utility\code\lightmgr.h(31): note: 'Free'의 이전 정의를 참조하십시오.
c:\users\huijun\desktop\earthfall\engine\utility\code\lightmgr.cpp(25): warning C4273: 'Engine::CLightMgr::Ready_Light': dll 링크가 일치하지 않습니다.
  c:\users\huijun\desktop\earthfall\engine\utility\code\lightmgr.h(23): note: 'Ready_Light'의 이전 정의를 참조하십시오.
c:\users\huijun\desktop\earthfall\engine\utility\code\lightmgr.cpp(28): error C4235: 비표준 확장이 사용됨: 이 아키텍처에서는 '__asm' 키워드를 사용할 수 없습니다.
c:\users\huijun\desktop\earthfall\engine\utility\code\lightmgr.cpp(28): warning C4091: '': 변수를 선언하지 않으면 'int' 왼쪽은 무시됩니다.
c:\users\huijun\desktop\earthfall\engine\utility\code\lightmgr.cpp(28): error C2143: 구문 오류: ';'이(가) '상수' 앞에 없습니다.
c:\users\huijun\desktop\earthfall\engine\utility\code\lightmgr.cpp(28): error C2143: 구문 오류: ';'이(가) '}' 앞에 없습니다.
c:\users\huijun\desktop\earthfall\engine\utility\code\lightmgr.cpp(36): warning C4273: 'Engine::CLightMgr::Get_LightInfo': dll 링크가 일치하지 않습니다.
  c:\users\huijun\desktop\earthfall\engine\utility\code\lightmgr.h(20): note: 'Get_LightInfo'의 이전 정의를 참조하십시오.
  Light.cpp
c:\users\huijun\desktop\earthfall\engine\utility\code\light.cpp(6): warning C4273: 'Engine::CLight::CLight': dll 링크가 일치하지 않습니다.
  c:\users\huijun\desktop\earthfall\engine\utility\code\light.h(12): note: '{ctor}'의 이전 정의를 참조하십시오.
c:\users\huijun\desktop\earthfall\engine\utility\code\light.cpp(13): warning C4273: 'Engine::CLight::~CLight': dll 링크가 일치하지 않습니다.
  c:\users\huijun\desktop\earthfall\engine\utility\code\light.h(13): note: '{dtor}'의 이전 정의를 참조하십시오.
c:\users\huijun\desktop\earthfall\engine\utility\code\light.cpp(19): warning C4273: 'Engine::CLight::Ready_Light': dll 링크가 일치하지 않습니다.
  c:\users\huijun\desktop\earthfall\engine\utility\code\light.h(17): note: 'Ready_Light'의 이전 정의를 참조하십시오.
c:\users\huijun\desktop\earthfall\engine\utility\code\light.cpp(49): warning C4273: 'Engine::CLight::Create': dll 링크가 일치하지 않습니다.
  c:\users\huijun\desktop\earthfall\engine\utility\code\light.h(26): note: 'Create'의 이전 정의를 참조하십시오.
c:\users\huijun\desktop\earthfall\engine\utility\code\light.cpp(59): warning C4273: 'Engine::CLight::Free': dll 링크가 일치하지 않습니다.
  c:\users\huijun\desktop\earthfall\engine\utility\code\light.h(30): note: 'Free'의 이전 정의를 참조하십시오.
  Layer.cpp
c:\users\huijun\desktop\earthfall\engine\utility\code\layer.cpp(6): warning C4273: 'Engine::CLayer::CLayer': dll 링크가 일치하지 않습니다.
  c:\users\huijun\desktop\earthfall\engine\utility\code\layer.h(13): note: '{ctor}'의 이전 정의를 참조하십시오.
c:\users\huijun\desktop\earthfall\engine\utility\code\layer.cpp(11): warning C4273: 'Engine::CLayer::~CLayer': dll 링크가 일치하지 않습니다.
  c:\users\huijun\desktop\earthfall\engine\utility\code\layer.h(14): note: '{dtor}'의 이전 정의를 참조하십시오.
c:\users\huijun\desktop\earthfall\engine\utility\code\layer.cpp(16): warning C4273: 'Engine::CLayer::Ready_Layer': dll 링크가 일치하지 않습니다.
  c:\users\huijun\desktop\earthfall\engine\utility\code\layer.h(21): note: 'Ready_Layer'의 이전 정의를 참조하십시오.
c:\users\huijun\desktop\earthfall\engine\utility\code\layer.cpp(21): warning C4273: 'Engine::CLayer::Update_Layer': dll 링크가 일치하지 않습니다.
  c:\users\huijun\desktop\earthfall\engine\utility\code\layer.h(22): note: 'Update_Layer'의 이전 정의를 참조하십시오.
c:\users\huijun\desktop\earthfall\engine\utility\code\layer.cpp(36): warning C4273: 'Engine::CLayer::Render_Layer': dll 링크가 일치하지 않습니다.
  c:\users\huijun\desktop\earthfall\engine\utility\code\layer.h(23): note: 'Render_Layer'의 이전 정의를 참조하십시오.
c:\users\huijun\desktop\earthfall\engine\utility\code\layer.cpp(42): warning C4273: 'Engine::CLayer::Create': dll 링크가 일치하지 않습니다.
  c:\users\huijun\desktop\earthfall\engine\utility\code\layer.h(29): note: 'Create'의 이전 정의를 참조하십시오.
c:\users\huijun\desktop\earthfall\engine\utility\code\layer.cpp(55): warning C4273: 'Engine::CLayer::Free': dll 링크가 일치하지 않습니다.
  c:\users\huijun\desktop\earthfall\engine\utility\code\layer.h(30): note: 'Free'의 이전 정의를 참조하십시오.
c:\users\huijun\desktop\earthfall\engine\utility\code\layer.cpp(61): warning C4273: 'Engine::CLayer::Add_GameObject': dll 링크가 일치하지 않습니다.
  c:\users\huijun\desktop\earthfall\engine\utility\code\layer.h(17): note: 'Add_GameObject'의 이전 정의를 참조하십시오.
c:\users\huijun\desktop\earthfall\engine\utility\code\layer.cpp(73): warning C4273: 'Engine::CLayer::Get_Component': dll 링크가 일치하지 않습니다.
  c:\users\huijun\desktop\earthfall\engine\utility\code\layer.h(18): note: 'Get_Component'의 이전 정의를 참조하십시오.
  GameObject.cpp
c:\users\huijun\desktop\earthfall\engine\utility\code\gameobject.cpp(6): warning C4273: 'Engine::CGameObject::CGameObject': dll 링크가 일치하지 않습니다.
  c:\users\huijun\desktop\earthfall\engine\utility\code\gameobject.h(11): note: '{ctor}'의 이전 정의를 참조하십시오.
c:\users\huijun\desktop\earthfall\engine\utility\code\gameobject.cpp(12): warning C4273: 'Engine::CGameObject::~CGameObject': dll 링크가 일치하지 않습니다.
  c:\users\huijun\desktop\earthfall\engine\utility\code\gameobject.h(13): note: '{dtor}'의 이전 정의를 참조하십시오.
c:\users\huijun\desktop\earthfall\engine\utility\code\gameobject.cpp(17): warning C4273: 'Engine::CGameObject::Ready_Object': dll 링크가 일치하지 않습니다.
  c:\users\huijun\desktop\earthfall\engine\utility\code\gameobject.h(21): note: 'Ready_Object'의 이전 정의를 참조하십시오.
c:\users\huijun\desktop\earthfall\engine\utility\code\gameobject.cpp(22): warning C4273: 'Engine::CGameObject::Update_Object': dll 링크가 일치하지 않습니다.
  c:\users\huijun\desktop\earthfall\engine\utility\code\gameobject.h(22): note: 'Update_Object'의 이전 정의를 참조하십시오.
c:\users\huijun\desktop\earthfall\engine\utility\code\gameobject.cpp(30): warning C4273: 'Engine::CGameObject::Render_Object': dll 링크가 일치하지 않습니다.
  c:\users\huijun\desktop\earthfall\engine\utility\code\gameobject.h(23): note: 'Render_Object'의 이전 정의를 참조하십시오.
c:\users\huijun\desktop\earthfall\engine\utility\code\gameobject.cpp(35): warning C4273: 'Engine::CGameObject::Free': dll 링크가 일치하지 않습니다.
  c:\users\huijun\desktop\earthfall\engine\utility\code\gameobject.h(36): note: 'Free'의 이전 정의를 참조하십시오.
c:\users\huijun\desktop\earthfall\engine\utility\code\gameobject.cpp(47): warning C4273: 'Engine::CGameObject::Get_Component': dll 링크가 일치하지 않습니다.
  c:\users\huijun\desktop\earthfall\engine\utility\code\gameobject.h(17): note: 'Get_Component'의 이전 정의를 참조하십시오.
c:\users\huijun\desktop\earthfall\engine\utility\code\gameobject.cpp(57): warning C4273: 'Engine::CGameObject::Find_Component': dll 링크가 일치하지 않습니다.
  c:\users\huijun\desktop\earthfall\engine\utility\code\gameobject.h(33): note: 'Find_Component'의 이전 정의를 참조하십시오.
c:\users\huijun\desktop\earthfall\engine\utility\code\gameobject.cpp(67): warning C4273: 'Engine::CGameObject::Compute_ViewZ': dll 링크가 일치하지 않습니다.
  c:\users\huijun\desktop\earthfall\engine\utility\code\gameobject.h(26): note: 'Compute_ViewZ'의 이전 정의를 참조하십시오.
  CSCollider.cpp
c:\users\huijun\desktop\earthfall\engine\utility\code\cscollider.cpp(6): warning C4273: 'Engine::CSCollider::CSCollider': dll 링크가 일치하지 않습니다.
  c:\users\huijun\desktop\earthfall\engine\utility\code\cscollider.h(12): note: '{ctor}'의 이전 정의를 참조하십시오.
c:\users\huijun\desktop\earthfall\engine\utility\code\cscollider.cpp(12): warning C4273: 'Engine::CSCollider::~CSCollider': dll 링크가 일치하지 않습니다.
  c:\users\huijun\desktop\earthfall\engine\utility\code\cscollider.h(13): note: '{dtor}'의 이전 정의를 참조하십시오.
c:\users\huijun\desktop\earthfall\engine\utility\code\cscollider.cpp(17): warning C4273: 'Engine::CSCollider::Ready_Collider': dll 링크가 일치하지 않습니다.
  c:\users\huijun\desktop\earthfall\engine\utility\code\cscollider.h(25): note: 'Ready_Collider'의 이전 정의를 참조하십시오.
c:\users\huijun\desktop\earthfall\engine\utility\code\cscollider.cpp(51): warning C4273: 'Engine::CSCollider::Render_Collider': dll 링크가 일치하지 않습니다.
  c:\users\huijun\desktop\earthfall\engine\utility\code\cscollider.h(28): note: 'Render_Collider'의 이전 정의를 참조하십시오.
c:\users\huijun\desktop\earthfall\engine\utility\code\cscollider.cpp(72): warning C4273: 'Engine::CSCollider::Create': dll 링크가 일치하지 않습니다.
  c:\users\huijun\desktop\earthfall\engine\utility\code\cscollider.h(44): note: 'Create'의 이전 정의를 참조하십시오.
c:\users\huijun\desktop\earthfall\engine\utility\code\cscollider.cpp(82): warning C4273: 'Engine::CSCollider::Free': dll 링크가 일치하지 않습니다.
  c:\users\huijun\desktop\earthfall\engine\utility\code\cscollider.h(47): note: 'Free'의 이전 정의를 참조하십시오.
  Component.cpp
c:\users\huijun\desktop\earthfall\engine\utility\code\component.cpp(6): warning C4273: 'Engine::CComponent::CComponent': dll 링크가 일치하지 않습니다.
  c:\users\huijun\desktop\earthfall\engine\utility\code\component.h(15): note: '{ctor}'의 이전 정의를 참조하십시오.
c:\users\huijun\desktop\earthfall\engine\utility\code\component.cpp(11): warning C4273: 'Engine::CComponent::~CComponent': dll 링크가 일치하지 않습니다.
  c:\users\huijun\desktop\earthfall\engine\utility\code\component.h(16): note: '{dtor}'의 이전 정의를 참조하십시오.
  Collider.cpp
c:\users\huijun\desktop\earthfall\engine\utility\code\collider.cpp(6): warning C4273: 'Engine::CCollider::CCollider': dll 링크가 일치하지 않습니다.
  c:\users\huijun\desktop\earthfall\engine\utility\code\collider.h(12): note: '{ctor}'의 이전 정의를 참조하십시오.
c:\users\huijun\desktop\earthfall\engine\utility\code\collider.cpp(12): warning C4273: 'Engine::CCollider::~CCollider': dll 링크가 일치하지 않습니다.
  c:\users\huijun\desktop\earthfall\engine\utility\code\collider.h(13): note: '{dtor}'의 이전 정의를 참조하십시오.
c:\users\huijun\desktop\earthfall\engine\utility\code\collider.cpp(19): warning C4273: 'Engine::CCollider::Ready_Collider': dll 링크가 일치하지 않습니다.
  c:\users\huijun\desktop\earthfall\engine\utility\code\collider.h(25): note: 'Ready_Collider'의 이전 정의를 참조하십시오.
c:\users\huijun\desktop\earthfall\engine\utility\code\collider.cpp(30): error C4235: 비표준 확장이 사용됨: 이 아키텍처에서는 '__asm' 키워드를 사용할 수 없습니다.
c:\users\huijun\desktop\earthfall\engine\utility\code\collider.cpp(30): warning C4091: '': 변수를 선언하지 않으면 'int' 왼쪽은 무시됩니다.
c:\users\huijun\desktop\earthfall\engine\utility\code\collider.cpp(25): error C2143: 구문 오류: ';'이(가) '상수' 앞에 없습니다.
c:\users\huijun\desktop\earthfall\engine\utility\code\collider.cpp(25): error C2143: 구문 오류: ';'이(가) '}' 앞에 없습니다.
c:\users\huijun\desktop\earthfall\engine\utility\code\collider.cpp(37): error C4235: 비표준 확장이 사용됨: 이 아키텍처에서는 '__asm' 키워드를 사용할 수 없습니다.
c:\users\huijun\desktop\earthfall\engine\utility\code\collider.cpp(37): warning C4091: '': 변수를 선언하지 않으면 'int' 왼쪽은 무시됩니다.
c:\users\huijun\desktop\earthfall\engine\utility\code\collider.cpp(32): error C2143: 구문 오류: ';'이(가) '상수' 앞에 없습니다.
c:\users\huijun\desktop\earthfall\engine\utility\code\collider.cpp(32): error C2143: 구문 오류: ';'이(가) '}' 앞에 없습니다.
c:\users\huijun\desktop\earthfall\engine\utility\code\collider.cpp(152): warning C4273: 'Engine::CCollider::Render_Collider': dll 링크가 일치하지 않습니다.
  c:\users\huijun\desktop\earthfall\engine\utility\code\collider.h(29): note: 'Render_Collider'의 이전 정의를 참조하십시오.
c:\users\huijun\desktop\earthfall\engine\utility\code\collider.cpp(177): warning C4273: 'Engine::CCollider::Create': dll 링크가 일치하지 않습니다.
  c:\users\huijun\desktop\earthfall\engine\utility\code\collider.h(46): note: 'Create'의 이전 정의를 참조하십시오.
c:\users\huijun\desktop\earthfall\engine\utility\code\collider.cpp(187): warning C4273: 'Engine::CCollider::Free': dll 링크가 일치하지 않습니다.
  c:\users\huijun\desktop\earthfall\engine\utility\code\collider.h(51): note: 'Free'의 이전 정의를 참조하십시오.
  Camera.cpp
c:\users\huijun\desktop\earthfall\engine\utility\code\camera.cpp(6): warning C4273: 'Engine::CCamera::CCamera': dll 링크가 일치하지 않습니다.
  c:\users\huijun\desktop\earthfall\engine\utility\code\camera.h(11): note: '{ctor}'의 이전 정의를 참조하십시오.
c:\users\huijun\desktop\earthfall\engine\utility\code\camera.cpp(12): warning C4273: 'Engine::CCamera::~CCamera': dll 링크가 일치하지 않습니다.
  c:\users\huijun\desktop\earthfall\engine\utility\code\camera.h(12): note: '{dtor}'의 이전 정의를 참조하십시오.
c:\users\huijun\desktop\earthfall\engine\utility\code\camera.cpp(17): warning C4273: 'Engine::CCamera::Ready_Object': dll 링크가 일치하지 않습니다.
  c:\users\huijun\desktop\earthfall\engine\utility\code\camera.h(15): note: 'Ready_Object'의 이전 정의를 참조하십시오.
c:\users\huijun\desktop\earthfall\engine\utility\code\camera.cpp(26): warning C4273: 'Engine::CCamera::Update_Object': dll 링크가 일치하지 않습니다.
  c:\users\huijun\desktop\earthfall\engine\utility\code\camera.h(16): note: 'Update_Object'의 이전 정의를 참조하십시오.
c:\users\huijun\desktop\earthfall\engine\utility\code\camera.cpp(35): warning C4273: 'Engine::CCamera::Free': dll 링크가 일치하지 않습니다.
  c:\users\huijun\desktop\earthfall\engine\utility\code\camera.h(23): note: 'Free'의 이전 정의를 참조하십시오.
  Calculator.cpp
c:\users\huijun\desktop\earthfall\engine\utility\code\calculator.cpp(6): warning C4273: 'Engine::CCalculator::CCalculator': dll 링크가 일치하지 않습니다.
  c:\users\huijun\desktop\earthfall\engine\utility\code\calculator.h(16): note: '{ctor}'의 이전 정의를 참조하십시오.
c:\users\huijun\desktop\earthfall\engine\utility\code\calculator.cpp(12): warning C4273: 'Engine::CCalculator::~CCalculator': dll 링크가 일치하지 않습니다.
  c:\users\huijun\desktop\earthfall\engine\utility\code\calculator.h(17): note: '{dtor}'의 이전 정의를 참조하십시오.
c:\users\huijun\desktop\earthfall\engine\utility\code\calculator.cpp(17): warning C4273: 'Engine::CCalculator::Ready_Calculator': dll 링크가 일치하지 않습니다.
  c:\users\huijun\desktop\earthfall\engine\utility\code\calculator.h(20): note: 'Ready_Calculator'의 이전 정의를 참조하십시오.
c:\users\huijun\desktop\earthfall\engine\utility\code\calculator.cpp(25): error C4235: 비표준 확장이 사용됨: 이 아키텍처에서는 '__asm' 키워드를 사용할 수 없습니다.
c:\users\huijun\desktop\earthfall\engine\utility\code\calculator.cpp(25): warning C4091: '': 변수를 선언하지 않으면 'int' 왼쪽은 무시됩니다.
c:\users\huijun\desktop\earthfall\engine\utility\code\calculator.cpp(20): error C2143: 구문 오류: ';'이(가) '상수' 앞에 없습니다.
c:\users\huijun\desktop\earthfall\engine\utility\code\calculator.cpp(20): error C2143: 구문 오류: ';'이(가) '}' 앞에 없습니다.
c:\users\huijun\desktop\earthfall\engine\utility\code\calculator.cpp(38): warning C4273: 'Engine::CCalculator::Compute_HeightOnTerrain': dll 링크가 일치하지 않습니다.
  c:\users\huijun\desktop\earthfall\engine\utility\code\calculator.h(21): note: 'Compute_HeightOnTerrain'의 이전 정의를 참조하십시오.
c:\users\huijun\desktop\earthfall\engine\utility\code\calculator.cpp(68): warning C4273: 'Engine::CCalculator::Create': dll 링크가 일치하지 않습니다.
  c:\users\huijun\desktop\earthfall\engine\utility\code\calculator.h(47): note: 'Create'의 이전 정의를 참조하십시오.
c:\users\huijun\desktop\earthfall\engine\utility\code\calculator.cpp(82): warning C4273: 'Engine::CCalculator::Free': dll 링크가 일치하지 않습니다.
  c:\users\huijun\desktop\earthfall\engine\utility\code\calculator.h(49): note: 'Free'의 이전 정의를 참조하십시오.
c:\users\huijun\desktop\earthfall\engine\utility\code\calculator.cpp(87): warning C4273: 'Engine::CCalculator::Picking_OnTerrain': dll 링크가 일치하지 않습니다.
  c:\users\huijun\desktop\earthfall\engine\utility\code\calculator.h(26): note: 'Picking_OnTerrain'의 이전 정의를 참조하십시오.
c:\users\huijun\desktop\earthfall\engine\utility\code\calculator.cpp(172): warning C4273: 'Engine::CCalculator::Picking_OnTerrainMax': dll 링크가 일치하지 않습니다.
  c:\users\huijun\desktop\earthfall\engine\utility\code\calculator.h(30): note: 'Picking_OnTerrainMax'의 이전 정의를 참조하십시오.
c:\users\huijun\desktop\earthfall\engine\utility\code\calculator.cpp(270): warning C4273: 'Engine::CCalculator::Picking_Collider': dll 링크가 일치하지 않습니다.
  c:\users\huijun\desktop\earthfall\engine\utility\code\calculator.h(33): note: 'Picking_Collider'의 이전 정의를 참조하십시오.
c:\users\huijun\desktop\earthfall\engine\utility\code\calculator.cpp(363): warning C4244: 'return': 'float'에서 'Engine::_int'(으)로 변환하면서 데이터가 손실될 수 있습니다.
c:\users\huijun\desktop\earthfall\engine\utility\code\calculator.cpp(374): warning C4244: 'return': 'float'에서 'Engine::_int'(으)로 변환하면서 데이터가 손실될 수 있습니다.
c:\users\huijun\desktop\earthfall\engine\utility\code\calculator.cpp(384): warning C4244: 'return': 'float'에서 'Engine::_int'(으)로 변환하면서 데이터가 손실될 수 있습니다.
c:\users\huijun\desktop\earthfall\engine\utility\code\calculator.cpp(395): warning C4244: 'return': 'float'에서 'Engine::_int'(으)로 변환하면서 데이터가 손실될 수 있습니다.
c:\users\huijun\desktop\earthfall\engine\utility\code\calculator.cpp(406): warning C4244: 'return': 'float'에서 'Engine::_int'(으)로 변환하면서 데이터가 손실될 수 있습니다.
c:\users\huijun\desktop\earthfall\engine\utility\code\calculator.cpp(416): warning C4244: 'return': 'float'에서 'Engine::_int'(으)로 변환하면서 데이터가 손실될 수 있습니다.
c:\users\huijun\desktop\earthfall\engine\utility\code\calculator.cpp(426): warning C4244: 'return': 'float'에서 'Engine::_int'(으)로 변환하면서 데이터가 손실될 수 있습니다.
c:\users\huijun\desktop\earthfall\engine\utility\code\calculator.cpp(436): warning C4244: 'return': 'float'에서 'Engine::_int'(으)로 변환하면서 데이터가 손실될 수 있습니다.
c:\users\huijun\desktop\earthfall\engine\utility\code\calculator.cpp(447): warning C4244: 'return': 'float'에서 'Engine::_int'(으)로 변환하면서 데이터가 손실될 수 있습니다.
c:\users\huijun\desktop\earthfall\engine\utility\code\calculator.cpp(457): warning C4244: 'return': 'float'에서 'Engine::_int'(으)로 변환하면서 데이터가 손실될 수 있습니다.
c:\users\huijun\desktop\earthfall\engine\utility\code\calculator.cpp(469): warning C4244: 'return': 'float'에서 'Engine::_int'(으)로 변환하면서 데이터가 손실될 수 있습니다.
c:\users\huijun\desktop\earthfall\engine\utility\code\calculator.cpp(478): warning C4244: 'return': 'float'에서 'Engine::_int'(으)로 변환하면서 데이터가 손실될 수 있습니다.
c:\users\huijun\desktop\earthfall\engine\utility\code\calculator.cpp(480): warning C4244: 'return': 'float'에서 'Engine::_int'(으)로 변환하면서 데이터가 손실될 수 있습니다.
c:\users\huijun\desktop\earthfall\engine\utility\code\calculator.cpp(486): warning C4273: 'Engine::CCalculator::Picking_Spere': dll 링크가 일치하지 않습니다.
  c:\users\huijun\desktop\earthfall\engine\utility\code\calculator.h(35): note: 'Picking_Spere'의 이전 정의를 참조하십시오.
  코드를 생성하고 있습니다...
