c:\users\user\documents\github\yodel-guardian\sytool\tool\engine\utility\include\debug\shader.obj
c:\users\user\documents\github\yodel-guardian\sytool\tool\engine\utility\include\debug\scene.obj
c:\users\user\documents\github\yodel-guardian\sytool\tool\engine\utility\include\debug\rendertargetmgr.obj
c:\users\user\documents\github\yodel-guardian\sytool\tool\engine\utility\include\debug\rendertarget.obj
c:\users\user\documents\github\yodel-guardian\sytool\tool\engine\utility\include\debug\renderer.obj
c:\users\user\documents\github\yodel-guardian\sytool\tool\engine\utility\include\debug\quadtree.obj
c:\users\user\documents\github\yodel-guardian\sytool\tool\engine\utility\include\debug\protomgr.obj
c:\users\user\documents\github\yodel-guardian\sytool\tool\engine\utility\include\debug\optimization.obj
c:\users\user\documents\github\yodel-guardian\sytool\tool\engine\utility\include\debug\management.obj
c:\users\user\documents\github\yodel-guardian\sytool\tool\engine\utility\include\debug\lightmgr.obj
c:\users\user\documents\github\yodel-guardian\sytool\tool\engine\utility\include\debug\light.obj
c:\users\user\documents\github\yodel-guardian\sytool\tool\engine\utility\include\debug\layer.obj
c:\users\user\documents\github\yodel-guardian\sytool\tool\engine\utility\include\debug\gameobject.obj
c:\users\user\documents\github\yodel-guardian\sytool\tool\engine\utility\include\debug\frustum.obj
c:\users\user\documents\github\yodel-guardian\sytool\tool\engine\utility\include\debug\cscollider.obj
c:\users\user\documents\github\yodel-guardian\sytool\tool\engine\utility\include\debug\component.obj
c:\users\user\documents\github\yodel-guardian\sytool\tool\engine\utility\include\debug\collider.obj
c:\users\user\documents\github\yodel-guardian\sytool\tool\engine\utility\include\debug\camera.obj
c:\users\user\documents\github\yodel-guardian\sytool\tool\engine\utility\include\debug\calculator.obj
c:\users\user\documents\github\yodel-guardian\sytool\tool\engine\utility\include\debug\boxcollider.obj
c:\users\user\documents\github\yodel-guardian\sytool\tool\engine\utility\include\debug\transform.obj
c:\users\user\documents\github\yodel-guardian\sytool\tool\engine\utility\include\debug\trailcolor.obj
c:\users\user\documents\github\yodel-guardian\sytool\tool\engine\utility\include\debug\toolcollider.obj
c:\users\user\documents\github\yodel-guardian\sytool\tool\engine\utility\include\debug\spherecollider.obj
c:\users\user\documents\github\yodel-guardian\sytool\tool\engine\utility\include\debug\vc142.pdb
c:\users\user\documents\github\yodel-guardian\sytool\tool\engine\utility\bin\utility.dll
c:\users\user\documents\github\yodel-guardian\sytool\tool\engine\utility\bin\utility.ilk
c:\users\user\documents\github\yodel-guardian\sytool\tool\engine\utility\bin\utility.pdb
c:\users\user\documents\github\yodel-guardian\sytool\tool\engine\utility\bin\utility.lib
c:\users\user\documents\github\yodel-guardian\sytool\tool\engine\utility\bin\utility.exp
c:\users\huijun\desktop\exomas\yodel-guardian\sytool\tool\engine\utility\include\debug\boxcollider.obj
c:\users\huijun\desktop\exomas\yodel-guardian\sytool\tool\engine\utility\include\debug\calculator.obj
c:\users\huijun\desktop\exomas\yodel-guardian\sytool\tool\engine\utility\include\debug\camera.obj
c:\users\huijun\desktop\exomas\yodel-guardian\sytool\tool\engine\utility\include\debug\collider.obj
c:\users\huijun\desktop\exomas\yodel-guardian\sytool\tool\engine\utility\include\debug\component.obj
c:\users\huijun\desktop\exomas\yodel-guardian\sytool\tool\engine\utility\include\debug\cscollider.obj
c:\users\huijun\desktop\exomas\yodel-guardian\sytool\tool\engine\utility\include\debug\frustum.obj
c:\users\huijun\desktop\exomas\yodel-guardian\sytool\tool\engine\utility\include\debug\gameobject.obj
c:\users\huijun\desktop\exomas\yodel-guardian\sytool\tool\engine\utility\include\debug\layer.obj
c:\users\huijun\desktop\exomas\yodel-guardian\sytool\tool\engine\utility\include\debug\light.obj
c:\users\huijun\desktop\exomas\yodel-guardian\sytool\tool\engine\utility\include\debug\lightmgr.obj
c:\users\huijun\desktop\exomas\yodel-guardian\sytool\tool\engine\utility\include\debug\management.obj
c:\users\huijun\desktop\exomas\yodel-guardian\sytool\tool\engine\utility\include\debug\optimization.obj
c:\users\huijun\desktop\exomas\yodel-guardian\sytool\tool\engine\utility\include\debug\protomgr.obj
c:\users\huijun\desktop\exomas\yodel-guardian\sytool\tool\engine\utility\include\debug\quadtree.obj
c:\users\huijun\desktop\exomas\yodel-guardian\sytool\tool\engine\utility\include\debug\renderer.obj
c:\users\huijun\desktop\exomas\yodel-guardian\sytool\tool\engine\utility\include\debug\rendertarget.obj
c:\users\huijun\desktop\exomas\yodel-guardian\sytool\tool\engine\utility\include\debug\rendertargetmgr.obj
c:\users\huijun\desktop\exomas\yodel-guardian\sytool\tool\engine\utility\include\debug\scene.obj
c:\users\huijun\desktop\exomas\yodel-guardian\sytool\tool\engine\utility\include\debug\shader.obj
c:\users\huijun\desktop\exomas\yodel-guardian\sytool\tool\engine\utility\include\debug\spherecollider.obj
c:\users\huijun\desktop\exomas\yodel-guardian\sytool\tool\engine\utility\include\debug\toolcollider.obj
c:\users\huijun\desktop\exomas\yodel-guardian\sytool\tool\engine\utility\include\debug\trailcolor.obj
c:\users\huijun\desktop\exomas\yodel-guardian\sytool\tool\engine\utility\include\debug\transform.obj
c:\users\huijun\desktop\exomas\yodel-guardian\sytool\tool\engine\utility\include\debug\vc142.idb
c:\users\huijun\desktop\exomas\yodel-guardian\sytool\tool\engine\utility\include\debug\vc142.pdb
c:\users\huijun\desktop\exomas\yodel-guardian\sytool\tool\engine\utility\include\../bin\utility.dll
c:\users\huijun\desktop\exomas\yodel-guardian\sytool\tool\engine\utility\include\debug\utility.tlog\cl.command.1.tlog
c:\users\huijun\desktop\exomas\yodel-guardian\sytool\tool\engine\utility\include\debug\utility.tlog\cl.read.1.tlog
c:\users\huijun\desktop\exomas\yodel-guardian\sytool\tool\engine\utility\include\debug\utility.tlog\cl.write.1.tlog
c:\users\huijun\desktop\exomas\yodel-guardian\sytool\tool\engine\utility\include\debug\utility.tlog\link.command.1.tlog
c:\users\huijun\desktop\exomas\yodel-guardian\sytool\tool\engine\utility\include\debug\utility.tlog\link.read.1.tlog
c:\users\huijun\desktop\exomas\yodel-guardian\sytool\tool\engine\utility\include\debug\utility.tlog\link.write.1.tlog
c:\users\huijun\desktop\exomas\yodel-guardian\sytool\tool\engine\utility\include\debug\utility.tlog\utility.write.1u.tlog
