c:\users\huijun\desktop\earthfall\engine\resources\include\x64\debug\vc140.pdb
c:\users\huijun\desktop\earthfall\engine\resources\include\x64\debug\vc140.idb
c:\users\huijun\desktop\earthfall\engine\resources\include\x64\debug\anictrl.obj
c:\users\huijun\desktop\earthfall\engine\resources\include\x64\debug\hierarchyloader.obj
c:\users\huijun\desktop\earthfall\engine\resources\include\x64\debug\line.obj
c:\users\huijun\desktop\earthfall\engine\resources\include\x64\debug\mesh.obj
c:\users\huijun\desktop\earthfall\engine\resources\include\x64\debug\resources.obj
c:\users\huijun\desktop\earthfall\engine\resources\include\x64\debug\resourcesmgr.obj
c:\users\huijun\desktop\tool\engine\resources\include\x64\debug\anictrl.obj
c:\users\huijun\desktop\tool\engine\resources\include\x64\debug\hierarchyloader.obj
c:\users\huijun\desktop\tool\engine\resources\include\x64\debug\line.obj
c:\users\huijun\desktop\tool\engine\resources\include\x64\debug\mesh.obj
c:\users\huijun\desktop\tool\engine\resources\include\x64\debug\resources.obj
c:\users\huijun\desktop\tool\engine\resources\include\x64\debug\resourcesmgr.obj
c:\users\huijun\desktop\tool\engine\resources\include\x64\debug\vc140.idb
c:\users\huijun\desktop\tool\engine\resources\include\x64\debug\vc140.pdb
c:\users\huijun\desktop\tool\engine\resources\bin\resources.pdb
c:\users\huijun\desktop\tool\engine\resources\bin\resources.dll
c:\users\huijun\desktop\tool\engine\resources\bin\resources.ilk
c:\users\huijun\desktop\tool\engine\resources\include\x64\debug\resources.tlog\cl.command.1.tlog
c:\users\huijun\desktop\tool\engine\resources\include\x64\debug\resources.tlog\cl.read.1.tlog
c:\users\huijun\desktop\tool\engine\resources\include\x64\debug\resources.tlog\cl.write.1.tlog
