c:\users\user\documents\github\yodel-guardian\sytool\tool\engine\resources\include\debug\vibuffer.obj
c:\users\user\documents\github\yodel-guardian\sytool\tool\engine\resources\include\debug\tricol.obj
c:\users\user\documents\github\yodel-guardian\sytool\tool\engine\resources\include\debug\texture.obj
c:\users\user\documents\github\yodel-guardian\sytool\tool\engine\resources\include\debug\terraintex.obj
c:\users\user\documents\github\yodel-guardian\sytool\tool\engine\resources\include\debug\staticmesh.obj
c:\users\user\documents\github\yodel-guardian\sytool\tool\engine\resources\include\debug\resourcesmgr.obj
c:\users\user\documents\github\yodel-guardian\sytool\tool\engine\resources\include\debug\resources.obj
c:\users\user\documents\github\yodel-guardian\sytool\tool\engine\resources\include\debug\rctex.obj
c:\users\user\documents\github\yodel-guardian\sytool\tool\engine\resources\include\debug\rccol.obj
c:\users\user\documents\github\yodel-guardian\sytool\tool\engine\resources\include\debug\navimesh.obj
c:\users\user\documents\github\yodel-guardian\sytool\tool\engine\resources\include\debug\mesh.obj
c:\users\user\documents\github\yodel-guardian\sytool\tool\engine\resources\include\debug\line.obj
c:\users\user\documents\github\yodel-guardian\sytool\tool\engine\resources\include\debug\hierarchyloader.obj
c:\users\user\documents\github\yodel-guardian\sytool\tool\engine\resources\include\debug\dynamicmesh.obj
c:\users\user\documents\github\yodel-guardian\sytool\tool\engine\resources\include\debug\cubetex.obj
c:\users\user\documents\github\yodel-guardian\sytool\tool\engine\resources\include\debug\cell.obj
c:\users\user\documents\github\yodel-guardian\sytool\tool\engine\resources\include\debug\buffer_terrain.obj
c:\users\user\documents\github\yodel-guardian\sytool\tool\engine\resources\include\debug\anictrl.obj
c:\users\user\documents\github\yodel-guardian\sytool\tool\engine\resources\include\debug\vc142.pdb
c:\users\user\documents\github\yodel-guardian\sytool\tool\engine\resources\bin\resources.dll
c:\users\user\documents\github\yodel-guardian\sytool\tool\engine\resources\bin\resources.ilk
c:\users\user\documents\github\yodel-guardian\sytool\tool\engine\resources\bin\resources.pdb
c:\users\user\documents\github\yodel-guardian\sytool\tool\engine\resources\bin\resources.lib
c:\users\user\documents\github\yodel-guardian\sytool\tool\engine\resources\bin\resources.exp
c:\users\user\documents\github\yodel-guardian\sytool\tool\engine\resources\include\debug\vc142.idb
c:\users\user\documents\github\yodel-guardian\sytool\tool\engine\resources\include\../bin\resources.dll
c:\users\user\documents\github\yodel-guardian\sytool\tool\engine\resources\include\debug\resources.tlog\cl.command.1.tlog
c:\users\user\documents\github\yodel-guardian\sytool\tool\engine\resources\include\debug\resources.tlog\cl.read.1.tlog
c:\users\user\documents\github\yodel-guardian\sytool\tool\engine\resources\include\debug\resources.tlog\cl.write.1.tlog
c:\users\user\documents\github\yodel-guardian\sytool\tool\engine\resources\include\debug\resources.tlog\link.31572.delete.1.tlog
c:\users\user\documents\github\yodel-guardian\sytool\tool\engine\resources\include\debug\resources.tlog\link.command.1.tlog
c:\users\user\documents\github\yodel-guardian\sytool\tool\engine\resources\include\debug\resources.tlog\link.read.1.tlog
c:\users\user\documents\github\yodel-guardian\sytool\tool\engine\resources\include\debug\resources.tlog\link.write.1.tlog
c:\users\user\documents\github\yodel-guardian\sytool\tool\engine\resources\include\debug\resources.tlog\resources.write.1u.tlog
