d:\02. kpu\00.project\framedirectx12\client\default\x64\release\client.pch
d:\02. kpu\00.project\framedirectx12\client\default\x64\release\vc141.pdb
d:\02. kpu\00.project\framedirectx12\client\default\x64\release\stdafx.obj
d:\02. kpu\00.project\framedirectx12\client\default\x64\release\client.obj
d:\02. kpu\00.project\framedirectx12\client\default\x64\release\scene_stage.obj
d:\02. kpu\00.project\framedirectx12\client\default\x64\release\scene_menu.obj
d:\02. kpu\00.project\framedirectx12\client\default\x64\release\scene_logo.obj
d:\02. kpu\00.project\framedirectx12\client\default\x64\release\player.obj
d:\02. kpu\00.project\framedirectx12\client\default\x64\release\mainapp.obj
d:\02. kpu\00.project\framedirectx12\client\default\x64\release\dynamiccamera.obj
d:\02. kpu\00.project\framedirectx12\client\release\client.ipdb
d:\02. kpu\00.project\framedirectx12\client\release\client.iobj
d:\02. kpu\00.project\framedirectx12\client\release\client.exe
d:\02. kpu\00.project\framedirectx12\client\release\client.pdb
d:\02. kpu\00.project\framedirectx12\client\default\x64\release\client.res
d:\02. kpu\00.project\framedirectx12\client\default\../release\client.exe
d:\02. kpu\00.project\framedirectx12\client\default\x64\release\client.tlog\cl.command.1.tlog
d:\02. kpu\00.project\framedirectx12\client\default\x64\release\client.tlog\cl.read.1.tlog
d:\02. kpu\00.project\framedirectx12\client\default\x64\release\client.tlog\cl.write.1.tlog
d:\02. kpu\00.project\framedirectx12\client\default\x64\release\client.tlog\client.write.1u.tlog
d:\02. kpu\00.project\framedirectx12\client\default\x64\release\client.tlog\link.command.1.tlog
d:\02. kpu\00.project\framedirectx12\client\default\x64\release\client.tlog\link.read.1.tlog
d:\02. kpu\00.project\framedirectx12\client\default\x64\release\client.tlog\link.write.1.tlog
d:\02. kpu\00.project\framedirectx12\client\default\x64\release\client.tlog\rc.command.1.tlog
d:\02. kpu\00.project\framedirectx12\client\default\x64\release\client.tlog\rc.read.1.tlog
d:\02. kpu\00.project\framedirectx12\client\default\x64\release\client.tlog\rc.write.1.tlog
