c:\users\huijun\desktop\earthfall\engine\resources\include\release\vc140.pdb
c:\users\huijun\desktop\earthfall\engine\resources\include\release\vibuffer.obj
c:\users\huijun\desktop\earthfall\engine\resources\include\release\tricol.obj
c:\users\huijun\desktop\earthfall\engine\resources\include\release\texture.obj
c:\users\huijun\desktop\earthfall\engine\resources\include\release\terraintex.obj
c:\users\huijun\desktop\earthfall\engine\resources\include\release\staticmesh.obj
c:\users\huijun\desktop\earthfall\engine\resources\include\release\resourcesmgr.obj
c:\users\huijun\desktop\earthfall\engine\resources\include\release\resources.obj
c:\users\huijun\desktop\earthfall\engine\resources\include\release\rctex.obj
c:\users\huijun\desktop\earthfall\engine\resources\include\release\rccol.obj
c:\users\huijun\desktop\earthfall\engine\resources\include\release\navimesh.obj
c:\users\huijun\desktop\earthfall\engine\resources\include\release\mesh.obj
c:\users\huijun\desktop\earthfall\engine\resources\include\release\line.obj
c:\users\huijun\desktop\earthfall\engine\resources\include\release\hierarchyloader.obj
c:\users\huijun\desktop\earthfall\engine\resources\include\release\dynamicmesh.obj
c:\users\huijun\desktop\earthfall\engine\resources\include\release\cubetex.obj
c:\users\huijun\desktop\earthfall\engine\resources\include\release\cell.obj
c:\users\huijun\desktop\earthfall\engine\resources\include\release\anictrl.obj
c:\users\huijun\desktop\earthfall\release\resources.dll
c:\users\huijun\desktop\earthfall\release\resources.pdb
c:\users\huijun\desktop\earthfall\release\resources.lib
c:\users\huijun\desktop\earthfall\release\resources.exp
c:\users\huijun\desktop\earthfall\engine\resources\include\release\resources.tlog\cl.command.1.tlog
c:\users\huijun\desktop\earthfall\engine\resources\include\release\resources.tlog\cl.read.1.tlog
c:\users\huijun\desktop\earthfall\engine\resources\include\release\resources.tlog\cl.write.1.tlog
c:\users\huijun\desktop\earthfall\engine\resources\include\release\resources.tlog\link.command.1.tlog
c:\users\huijun\desktop\earthfall\engine\resources\include\release\resources.tlog\link.read.1.tlog
c:\users\huijun\desktop\earthfall\engine\resources\include\release\resources.tlog\link.write.1.tlog
c:\users\huijun\desktop\earthfall\engine\resources\include\release\resources.tlog\resources.write.1u.tlog
