  AniCtrl.cpp
  Buffer_Terrain.cpp
  Cell.cpp
  CubeTex.cpp
  DynamicMesh.cpp
  HierarchyLoader.cpp
  Line.cpp
  Mesh.cpp
  NaviMesh.cpp
  RcCol.cpp
  RcTex.cpp
  Resources.cpp
  ResourcesMgr.cpp
  StaticMesh.cpp
  TerrainTex.cpp
C:\Users\user\Documents\GitHub\yodel-guardian\SYTool\Tool\Engine\Resources\Code\TerrainTex.cpp(130,57): warning C4244: '인수': 'unsigned long'에서 'FLOAT'(으)로 변환하면서 데이터가 손실될 수 있습니다.
C:\Users\user\Documents\GitHub\yodel-guardian\SYTool\Tool\Engine\Resources\Code\TerrainTex.cpp(130,37): warning C4244: '인수': 'unsigned long'에서 'FLOAT'(으)로 변환하면서 데이터가 손실될 수 있습니다.
  Texture.cpp
  TriCol.cpp
  VIBuffer.cpp
     ../Bin\Resources.lib 라이브러리 및 ../Bin\Resources.exp 개체를 생성하고 있습니다.
DynamicMesh.obj : error LNK2001: __imp___CrtDbgReport 외부 기호를 확인할 수 없습니다.
DynamicMesh.obj : error LNK2001: __imp___invalid_parameter 외부 기호를 확인할 수 없습니다.
..\Bin\Resources.dll : fatal error LNK1120: 2개의 확인할 수 없는 외부 참조입니다.
