c:\users\huijun\desktop\earthfall\engine\utility\include\release\vc140.pdb
c:\users\huijun\desktop\earthfall\engine\utility\include\release\trailcolor.obj
c:\users\huijun\desktop\earthfall\engine\utility\include\release\shader.obj
c:\users\huijun\desktop\earthfall\engine\utility\include\release\scene.obj
c:\users\huijun\desktop\earthfall\engine\utility\include\release\rendertargetmgr.obj
c:\users\huijun\desktop\earthfall\engine\utility\include\release\rendertarget.obj
c:\users\huijun\desktop\earthfall\engine\utility\include\release\renderer.obj
c:\users\huijun\desktop\earthfall\engine\utility\include\release\quadtree.obj
c:\users\huijun\desktop\earthfall\engine\utility\include\release\protomgr.obj
c:\users\huijun\desktop\earthfall\engine\utility\include\release\optimization.obj
c:\users\huijun\desktop\earthfall\engine\utility\include\release\management.obj
c:\users\huijun\desktop\earthfall\engine\utility\include\release\lightmgr.obj
c:\users\huijun\desktop\earthfall\engine\utility\include\release\light.obj
c:\users\huijun\desktop\earthfall\engine\utility\include\release\layer.obj
c:\users\huijun\desktop\earthfall\engine\utility\include\release\gameobject.obj
c:\users\huijun\desktop\earthfall\engine\utility\include\release\frustum.obj
c:\users\huijun\desktop\earthfall\engine\utility\include\release\cscollider.obj
c:\users\huijun\desktop\earthfall\engine\utility\include\release\component.obj
c:\users\huijun\desktop\earthfall\engine\utility\include\release\collider.obj
c:\users\huijun\desktop\earthfall\engine\utility\include\release\camera.obj
c:\users\huijun\desktop\earthfall\engine\utility\include\release\calculator.obj
c:\users\huijun\desktop\earthfall\engine\utility\include\release\transform.obj
c:\users\huijun\desktop\earthfall\engine\utility\bin\utility.dll
c:\users\huijun\desktop\earthfall\engine\utility\bin\utility.pdb
c:\users\huijun\desktop\earthfall\engine\utility\bin\utility.lib
c:\users\huijun\desktop\earthfall\engine\utility\bin\utility.exp
c:\users\huijun\desktop\earthfall\engine\utility\include\../bin\utility.dll
c:\users\huijun\desktop\earthfall\engine\utility\include\release\utility.tlog\cl.command.1.tlog
c:\users\huijun\desktop\earthfall\engine\utility\include\release\utility.tlog\cl.read.1.tlog
c:\users\huijun\desktop\earthfall\engine\utility\include\release\utility.tlog\cl.write.1.tlog
c:\users\huijun\desktop\earthfall\engine\utility\include\release\utility.tlog\link.command.1.tlog
c:\users\huijun\desktop\earthfall\engine\utility\include\release\utility.tlog\link.read.1.tlog
c:\users\huijun\desktop\earthfall\engine\utility\include\release\utility.tlog\link.write.1.tlog
c:\users\huijun\desktop\earthfall\engine\utility\include\release\utility.tlog\utility.write.1u.tlog
