c:\users\user\documents\github\yodel-guardian\framedirectx12\engine\default\x64\release\vc142.pdb
c:\users\user\documents\github\yodel-guardian\framedirectx12\engine\release\shader_blend.cso
c:\users\user\documents\github\yodel-guardian\framedirectx12\engine\release\shader_blur.cso
c:\users\user\documents\github\yodel-guardian\framedirectx12\engine\release\shader_colorbuffer.cso
c:\users\user\documents\github\yodel-guardian\framedirectx12\engine\release\shader_default.cso
c:\users\user\documents\github\yodel-guardian\framedirectx12\engine\release\shader_destortion.cso
c:\users\user\documents\github\yodel-guardian\framedirectx12\engine\release\shader_dissolve.cso
c:\users\user\documents\github\yodel-guardian\framedirectx12\engine\release\shader_downsample.cso
c:\users\user\documents\github\yodel-guardian\framedirectx12\engine\release\shader_effect.cso
c:\users\user\documents\github\yodel-guardian\framedirectx12\engine\release\shader_lightacc.cso
c:\users\user\documents\github\yodel-guardian\framedirectx12\engine\release\shader_mesh.cso
c:\users\user\documents\github\yodel-guardian\framedirectx12\engine\release\shader_shadowdepth.cso
c:\users\user\documents\github\yodel-guardian\framedirectx12\engine\release\shader_ssao.cso
c:\users\user\documents\github\yodel-guardian\framedirectx12\engine\release\shader_terrain.cso
c:\users\user\documents\github\yodel-guardian\framedirectx12\engine\release\shader_ui.cso
c:\users\user\documents\github\yodel-guardian\framedirectx12\engine\default\x64\release\engine.tlog\cl.command.1.tlog
c:\users\user\documents\github\yodel-guardian\framedirectx12\engine\default\x64\release\engine.tlog\cl.read.1.tlog
c:\users\user\documents\github\yodel-guardian\framedirectx12\engine\default\x64\release\engine.tlog\cl.write.1.tlog
c:\users\user\documents\github\yodel-guardian\framedirectx12\engine\default\x64\release\engine.tlog\fxc.command.1.tlog
c:\users\user\documents\github\yodel-guardian\framedirectx12\engine\default\x64\release\engine.tlog\fxc.read.1.tlog
c:\users\user\documents\github\yodel-guardian\framedirectx12\engine\default\x64\release\engine.tlog\fxc.write.1.tlog
