  stdafx.cpp
  BackGround.cpp
  CubeObject.cpp
  DynamicCamera.cpp
  Dynamic_Object.cpp
c:\users\huijun\desktop\이걸로작업\yodel-guardian\framedirectx12\client\code\dynamic_object.cpp(135): warning C4101: 'tCB_BoneInfo' :참조되지 않은 지역 변수입니다.
  Loading.cpp
  MainApp.cpp
  Player.cpp
  PlayerArm.cpp
c:\users\huijun\desktop\이걸로작업\yodel-guardian\framedirectx12\client\code\playerarm.cpp(182): warning C4101: 'tCB_BoneInfo' :참조되지 않은 지역 변수입니다.
  PlayerHed.cpp
  PlayerLeg.cpp
  PlayerStatus.cpp
c:\users\huijun\desktop\이걸로작업\yodel-guardian\framedirectx12\client\code\playerstatus.cpp(34): warning C4305: '인수': 'unsigned int'에서 'const byte'(으)로 잘립니다.
c:\users\huijun\desktop\이걸로작업\yodel-guardian\framedirectx12\client\code\playerstatus.cpp(34): warning C4309: '인수': 상수 값이 잘립니다.
  RectObject.cpp
  Scene_Logo.cpp
  Scene_Menu.cpp
  Scene_Stage.cpp
  SkyDome.cpp
  StaticObject.cpp
  Terrain.cpp
  Client.cpp
  코드를 생성하고 있습니다...
  Client.vcxproj -> C:\Users\Huijun\Desktop\이걸로작업\yodel-guardian\FrameDirectX12\Client\Default\../Bin\Client.exe
