c:\users\huijun\documents\카카오톡 받은 파일\framedirectx12\client\default\x64\debug\client.pch
c:\users\huijun\documents\카카오톡 받은 파일\framedirectx12\client\default\x64\debug\vc141.pdb
c:\users\huijun\documents\카카오톡 받은 파일\framedirectx12\client\default\x64\debug\vc141.idb
c:\users\huijun\documents\카카오톡 받은 파일\framedirectx12\client\default\x64\debug\stdafx.obj
c:\users\huijun\documents\카카오톡 받은 파일\framedirectx12\client\default\x64\debug\client.obj
c:\users\huijun\documents\카카오톡 받은 파일\framedirectx12\client\default\x64\debug\scene_stage.obj
c:\users\huijun\documents\카카오톡 받은 파일\framedirectx12\client\default\x64\debug\scene_menu.obj
c:\users\huijun\documents\카카오톡 받은 파일\framedirectx12\client\default\x64\debug\scene_logo.obj
c:\users\huijun\documents\카카오톡 받은 파일\framedirectx12\client\default\x64\debug\rectobject.obj
c:\users\huijun\documents\카카오톡 받은 파일\framedirectx12\client\default\x64\debug\mainapp.obj
c:\users\huijun\documents\카카오톡 받은 파일\framedirectx12\client\default\x64\debug\dynamiccamera.obj
c:\users\huijun\documents\카카오톡 받은 파일\framedirectx12\client\default\x64\debug\cubeobject.obj
c:\users\huijun\documents\github\yodel-guardian\framedirectx12\client\default\x64\debug\vc141.pdb
c:\users\huijun\documents\github\yodel-guardian\framedirectx12\client\default\x64\debug\vc141.idb
c:\users\huijun\documents\github\yodel-guardian\framedirectx12\client\default\x64\debug\client.obj
c:\users\huijun\documents\github\yodel-guardian\framedirectx12\client\default\x64\debug\scene_stage.obj
c:\users\huijun\documents\github\yodel-guardian\framedirectx12\client\default\x64\debug\scene_menu.obj
c:\users\huijun\documents\github\yodel-guardian\framedirectx12\client\default\x64\debug\scene_logo.obj
c:\users\huijun\documents\github\yodel-guardian\framedirectx12\client\default\x64\debug\rectobject.obj
c:\users\huijun\documents\github\yodel-guardian\framedirectx12\client\default\x64\debug\mainapp.obj
c:\users\huijun\documents\github\yodel-guardian\framedirectx12\client\default\x64\debug\dynamiccamera.obj
c:\users\huijun\documents\github\yodel-guardian\framedirectx12\client\default\x64\debug\cubeobject.obj
c:\users\huijun\documents\github\yodel-guardian\framedirectx12\client\default\x64\debug\terrain.obj
c:\users\huijun\documents\github\yodel-guardian\framedirectx12\client\default\x64\debug\client.pch
c:\users\huijun\documents\github\yodel-guardian\framedirectx12\client\default\x64\debug\stdafx.obj
c:\users\huijun\documents\카카오톡 받은 파일\framedirectx12\client\bin\client.exe
c:\users\huijun\documents\카카오톡 받은 파일\framedirectx12\client\bin\client.ilk
c:\users\huijun\documents\카카오톡 받은 파일\framedirectx12\client\bin\client.pdb
c:\users\huijun\documents\github\yodel-guardian\framedirectx12\client\bin\client.exe
c:\users\huijun\documents\github\yodel-guardian\framedirectx12\client\bin\client.ilk
c:\users\huijun\documents\github\yodel-guardian\framedirectx12\client\bin\client.pdb
c:\users\huijun\documents\카카오톡 받은 파일\framedirectx12\client\default\x64\debug\client.res
c:\users\huijun\documents\github\yodel-guardian\framedirectx12\client\default\x64\debug\client.res
c:\users\huijun\documents\github\yodel-guardian\framedirectx12\client\default\x64\debug\player.obj
c:\users\huijun\documents\github\yodel-guardian\framedirectx12\client\default\x64\debug\mainapp.obj.enc
c:\users\huijun\documents\github\yodel-guardian\framedirectx12\client\default\../bin\client.exe
c:\users\huijun\documents\github\yodel-guardian\framedirectx12\client\default\x64\debug\client.tlog\cl.command.1.tlog
c:\users\huijun\documents\github\yodel-guardian\framedirectx12\client\default\x64\debug\client.tlog\cl.read.1.tlog
c:\users\huijun\documents\github\yodel-guardian\framedirectx12\client\default\x64\debug\client.tlog\cl.write.1.tlog
c:\users\huijun\documents\github\yodel-guardian\framedirectx12\client\default\x64\debug\client.tlog\link.command.1.tlog
c:\users\huijun\documents\github\yodel-guardian\framedirectx12\client\default\x64\debug\client.tlog\link.read.1.tlog
c:\users\huijun\documents\github\yodel-guardian\framedirectx12\client\default\x64\debug\client.tlog\link.write.1.tlog
c:\users\huijun\documents\github\yodel-guardian\framedirectx12\client\default\x64\debug\client.tlog\rc.command.1.tlog
c:\users\huijun\documents\github\yodel-guardian\framedirectx12\client\default\x64\debug\client.tlog\rc.read.1.tlog
c:\users\huijun\documents\github\yodel-guardian\framedirectx12\client\default\x64\debug\client.tlog\rc.write.1.tlog
