c:\users\huijun\documents\github\yodel-guardian\framedirectx12\engine\default\x64\debug\vc141.pdb
c:\users\huijun\documents\github\yodel-guardian\framedirectx12\engine\default\x64\debug\vc141.idb
c:\users\huijun\documents\github\yodel-guardian\framedirectx12\engine\default\x64\debug\scene.obj
c:\users\huijun\documents\github\yodel-guardian\framedirectx12\engine\default\x64\debug\renderer.obj
c:\users\huijun\documents\github\yodel-guardian\framedirectx12\engine\default\x64\debug\rctex.obj
c:\users\huijun\documents\github\yodel-guardian\framedirectx12\engine\default\x64\debug\objectmgr.obj
c:\users\huijun\documents\github\yodel-guardian\framedirectx12\engine\default\x64\debug\mathmgr.obj
c:\users\huijun\documents\github\yodel-guardian\framedirectx12\engine\default\x64\debug\management.obj
c:\users\huijun\documents\github\yodel-guardian\framedirectx12\engine\default\x64\debug\layer.obj
c:\users\huijun\documents\github\yodel-guardian\framedirectx12\engine\default\x64\debug\info.obj
c:\users\huijun\documents\github\yodel-guardian\framedirectx12\engine\default\x64\debug\graphicdevice.obj
c:\users\huijun\documents\github\yodel-guardian\framedirectx12\engine\default\x64\debug\gameobject.obj
c:\users\huijun\documents\github\yodel-guardian\framedirectx12\engine\default\x64\debug\framemgr.obj
c:\users\huijun\documents\github\yodel-guardian\framedirectx12\engine\default\x64\debug\frame.obj
c:\users\huijun\documents\github\yodel-guardian\framedirectx12\engine\default\x64\debug\directsound.obj
c:\users\huijun\documents\github\yodel-guardian\framedirectx12\engine\default\x64\debug\directinput.obj
c:\users\huijun\documents\github\yodel-guardian\framedirectx12\engine\default\x64\debug\ddstextureloader.obj
c:\users\huijun\documents\github\yodel-guardian\framedirectx12\engine\default\x64\debug\cubetex.obj
c:\users\huijun\documents\github\yodel-guardian\framedirectx12\engine\default\x64\debug\componentmgr.obj
c:\users\huijun\documents\github\yodel-guardian\framedirectx12\engine\default\x64\debug\component.obj
c:\users\huijun\documents\github\yodel-guardian\framedirectx12\engine\default\x64\debug\camera.obj
c:\users\huijun\documents\github\yodel-guardian\framedirectx12\engine\default\x64\debug\base.obj
c:\users\huijun\documents\github\yodel-guardian\framedirectx12\engine\default\x64\debug\vibuffer.obj
c:\users\huijun\documents\github\yodel-guardian\framedirectx12\engine\default\x64\debug\transform.obj
c:\users\huijun\documents\github\yodel-guardian\framedirectx12\engine\default\x64\debug\timer.obj
c:\users\huijun\documents\github\yodel-guardian\framedirectx12\engine\default\x64\debug\timemgr.obj
c:\users\huijun\documents\github\yodel-guardian\framedirectx12\engine\default\x64\debug\texture.obj
c:\users\huijun\documents\github\yodel-guardian\framedirectx12\engine\default\x64\debug\terraintex.obj
c:\users\huijun\documents\github\yodel-guardian\framedirectx12\engine\default\x64\debug\staticmesh.obj
c:\users\huijun\documents\github\yodel-guardian\framedirectx12\engine\default\x64\debug\shader_defaulttex.obj
c:\users\huijun\documents\github\yodel-guardian\framedirectx12\engine\default\x64\debug\shader_default.obj
c:\users\huijun\documents\github\yodel-guardian\framedirectx12\engine\default\x64\debug\shader_colorbuffer.obj
c:\users\huijun\documents\github\yodel-guardian\framedirectx12\engine\default\x64\debug\shader.obj
c:\users\huijun\documents\github\yodel-guardian\framedirectx12\engine\bin\engine.lib
c:\users\huijun\documents\github\yodel-guardian\framedirectx12\engine\bin\engine.exp
c:\users\huijun\documents\github\yodel-guardian\framedirectx12\engine\bin\shader_colorbuffer.cso
c:\users\huijun\documents\github\yodel-guardian\framedirectx12\engine\bin\shader_default.cso
c:\users\huijun\documents\github\yodel-guardian\framedirectx12\engine\bin\engine.ilk
c:\users\huijun\documents\github\yodel-guardian\framedirectx12\engine\bin\engine.dll
c:\users\huijun\documents\github\yodel-guardian\framedirectx12\engine\bin\engine.pdb
c:\users\huijun\documents\github\yodel-guardian\framedirectx12\engine\default\../bin\engine.dll
c:\users\huijun\documents\github\yodel-guardian\framedirectx12\engine\default\x64\debug\engine.tlog\cl.command.1.tlog
c:\users\huijun\documents\github\yodel-guardian\framedirectx12\engine\default\x64\debug\engine.tlog\cl.read.1.tlog
c:\users\huijun\documents\github\yodel-guardian\framedirectx12\engine\default\x64\debug\engine.tlog\cl.write.1.tlog
c:\users\huijun\documents\github\yodel-guardian\framedirectx12\engine\default\x64\debug\engine.tlog\engine.write.1u.tlog
c:\users\huijun\documents\github\yodel-guardian\framedirectx12\engine\default\x64\debug\engine.tlog\fxc.command.1.tlog
c:\users\huijun\documents\github\yodel-guardian\framedirectx12\engine\default\x64\debug\engine.tlog\fxc.read.1.tlog
c:\users\huijun\documents\github\yodel-guardian\framedirectx12\engine\default\x64\debug\engine.tlog\fxc.write.1.tlog
c:\users\huijun\documents\github\yodel-guardian\framedirectx12\engine\default\x64\debug\engine.tlog\link.command.1.tlog
c:\users\huijun\documents\github\yodel-guardian\framedirectx12\engine\default\x64\debug\engine.tlog\link.read.1.tlog
c:\users\huijun\documents\github\yodel-guardian\framedirectx12\engine\default\x64\debug\engine.tlog\link.write.1.tlog
